#
# There is insufficient memory for the Java Runtime Environment to continue.
# Native memory allocation (malloc) failed to allocate 531776 bytes for Chunk::new
# Possible reasons:
#   The system is out of physical RAM or swap space
#   In 32 bit mode, the process size limit was hit
# Possible solutions:
#   Reduce memory load on the system
#   Increase physical memory or swap space
#   Check if swap backing store is full
#   Use 64 bit Java on a 64 bit OS
#   Decrease Java heap size (-Xmx/-Xms)
#   Decrease number of Java threads
#   Decrease Java thread stack sizes (-Xss)
#   Set larger code cache with -XX:ReservedCodeCacheSize=
# This output file may be truncated or incomplete.
#
#  Out of Memory Error (allocation.cpp:390), pid=10504, tid=0x0000000000003e3c
#
# JRE version: OpenJDK Runtime Environment (8.0_152-b01) (build 1.8.0_152-release-915-b01)
# Java VM: OpenJDK 64-Bit Server VM (25.152-b01 mixed mode windows-amd64 compressed oops)
# Failed to write core dump. Minidumps are not enabled by default on client versions of Windows
#

---------------  T H R E A D  ---------------

Current thread (0x0000000018630800):  JavaThread "C2 CompilerThread1" daemon [_thread_in_native, id=15932, stack(0x0000000018f00000,0x0000000019000000)]

Stack: [0x0000000018f00000,0x0000000019000000]
[error occurred during error reporting (printing stack bounds), id 0xc0000005]

Native frames: (J=compiled Java code, j=interpreted, Vv=VM code, C=native code)


Current CompileTask:
C2:   4406 2985   !   4       com.sun.org.apache.xerces.internal.impl.XMLDocumentFragmentScannerImpl$FragmentContentDriver::next (2346 bytes)


---------------  P R O C E S S  ---------------

Java Threads: ( => current thread )
  0x000000001ad95800 JavaThread "Cache worker for Artifact transforms cache (C:\Users\pola alper\.gradle\caches\transforms-1)" [_thread_blocked, id=16460, stack(0x0000000020820000,0x0000000020920000)]
  0x000000001ac0c800 JavaThread "Cache worker for file hash cache (E:\all my projects\KadenD\HomeWork\.gradle\4.1\fileHashes)" [_thread_blocked, id=4908, stack(0x000000001d110000,0x000000001d210000)]
  0x000000001a6c6000 JavaThread "File lock request listener" [_thread_in_native, id=3736, stack(0x000000001ce10000,0x000000001cf10000)]
  0x000000001a56d800 JavaThread "Cache worker for file hash cache (C:\Users\pola alper\.gradle\caches\4.1\fileHashes)" [_thread_blocked, id=6068, stack(0x000000001cd10000,0x000000001ce10000)]
  0x000000001a1a0000 JavaThread "Stdin handler" [_thread_blocked, id=8212, stack(0x000000001cb10000,0x000000001cc10000)]
  0x000000001a1de000 JavaThread "Asynchronous log dispatcher for DefaultDaemonConnection: socket connection from /127.0.0.1:51015 to /127.0.0.1:51016" [_thread_blocked, id=1372, stack(0x000000001ca10000,0x000000001cb10000)]
  0x000000001a1d7800 JavaThread "Daemon worker" [_thread_in_Java, id=6752, stack(0x000000001c910000,0x000000001ca10000)]
  0x000000001ab06800 JavaThread "Cancel handler" [_thread_blocked, id=15724, stack(0x000000001c810000,0x000000001c910000)]
  0x000000001afe3000 JavaThread "Handler for socket connection from /127.0.0.1:51015 to /127.0.0.1:51016" [_thread_in_native, id=16696, stack(0x000000001c510000,0x000000001c610000)]
  0x000000001a24e800 JavaThread "Daemon" [_thread_blocked, id=17844, stack(0x000000001c410000,0x000000001c510000)]
  0x000000001a7c0800 JavaThread "Daemon periodic checks" [_thread_blocked, id=9456, stack(0x000000001c310000,0x000000001c410000)]
  0x000000001a6ae000 JavaThread "Incoming local TCP Connector on port 51015" [_thread_in_native, id=4328, stack(0x000000001c0e0000,0x000000001c1e0000)]
  0x00000000186bc800 JavaThread "Service Thread" daemon [_thread_blocked, id=15876, stack(0x0000000019200000,0x0000000019300000)]
  0x000000001672b000 JavaThread "C1 CompilerThread3" daemon [_thread_blocked, id=12560, stack(0x0000000019100000,0x0000000019200000)]
  0x0000000018634000 JavaThread "C2 CompilerThread2" daemon [_thread_in_native, id=7028, stack(0x0000000019000000,0x0000000019100000)]
=>0x0000000018630800 JavaThread "C2 CompilerThread1" daemon [_thread_in_native, id=15932, stack(0x0000000018f00000,0x0000000019000000)]
  0x000000001862d000 JavaThread "C2 CompilerThread0" daemon [_thread_in_native, id=12988, stack(0x0000000018e00000,0x0000000018f00000)]
  0x0000000018629800 JavaThread "Attach Listener" daemon [_thread_blocked, id=16148, stack(0x0000000018d00000,0x0000000018e00000)]
  0x0000000016728800 JavaThread "Signal Dispatcher" daemon [_thread_blocked, id=17612, stack(0x0000000018c00000,0x0000000018d00000)]
  0x000000000295d800 JavaThread "Finalizer" daemon [_thread_blocked, id=18232, stack(0x0000000018a00000,0x0000000018b00000)]
  0x000000001671b800 JavaThread "Reference Handler" daemon [_thread_blocked, id=9180, stack(0x0000000018500000,0x0000000018600000)]
  0x0000000000f6d800 JavaThread "main" [_thread_blocked, id=16152, stack(0x0000000002720000,0x0000000002820000)]

Other Threads:
  0x0000000016715800 VMThread [stack: 0x0000000018400000,0x0000000018500000] [id=8160]
  0x00000000186bd800 WatcherThread [stack: 0x0000000019300000,0x0000000019400000] [id=16500]

VM state:not at safepoint (normal execution)

VM Mutex/Monitor currently owned by a thread:  ([mutex/lock_event])
[0x0000000002861cd0] MethodData_lock - owner thread: 0x0000000000000000

Heap:
 PSYoungGen      total 59392K, used 22109K [0x00000000e0000000, 0x00000000e5a80000, 0x0000000100000000)
  eden space 49152K, 28% used [0x00000000e0000000,0x00000000e0ddbcd0,0x00000000e3000000)
  from space 10240K, 77% used [0x00000000e3000000,0x00000000e37bb778,0x00000000e3a00000)
  to   space 10752K, 0% used [0x00000000e5000000,0x00000000e5000000,0x00000000e5a80000)
 ParOldGen       total 65536K, used 8779K [0x00000000a0000000, 0x00000000a4000000, 0x00000000e0000000)
  object space 65536K, 13% used [0x00000000a0000000,0x00000000a0892ef0,0x00000000a4000000)
 Metaspace       used 30130K, capacity 30700K, committed 30976K, reserved 1075200K
  class space    used 4110K, capacity 4319K, committed 4352K, reserved 1048576K

Card table byte_map: [0x0000000011d20000,0x0000000012030000] byte_map_base: 0x0000000011820000

Marking Bits: (ParMarkBitMap*) 0x000000005b4e3950
 Begin Bits: [0x0000000012a30000, 0x0000000014230000)
 End Bits:   [0x0000000014230000, 0x0000000015a30000)

Polling page: 0x0000000000f40000

CodeCache: size=245760Kb used=11819Kb max_used=11824Kb free=233940Kb
 bounds [0x0000000002960000, 0x0000000003500000, 0x0000000011960000]
 total_blobs=3670 nmethods=3010 adapters=573
 compilation: enabled

Compilation events (10 events):
Event: 4.401 Thread 0x000000001672b000 nmethod 3015 0x00000000034e7090 code [0x00000000034e71e0, 0x00000000034e72f0]
Event: 4.402 Thread 0x000000001672b000 3016       3       java.net.URI::getAuthority (23 bytes)
Event: 4.403 Thread 0x0000000018634000 nmethod 2998 0x00000000034e3f90 code [0x00000000034e40e0, 0x00000000034e4208]
Event: 4.403 Thread 0x000000001672b000 nmethod 3016 0x00000000034e3b90 code [0x00000000034e3d00, 0x00000000034e3f08]
Event: 4.403 Thread 0x0000000018634000 2988       4       com.sun.org.apache.xerces.internal.util.XMLChar::isNameStart (22 bytes)
Event: 4.403 Thread 0x000000001672b000 3017       3       java.net.URI::getFragment (30 bytes)
Event: 4.403 Thread 0x000000001672b000 nmethod 3017 0x00000000034e6c50 code [0x00000000034e6dc0, 0x00000000034e6fe8]
Event: 4.403 Thread 0x000000001672b000 3018       3       java.io.File::<init> (198 bytes)
Event: 4.403 Thread 0x0000000018634000 nmethod 2988 0x0000000003484390 code [0x00000000034844c0, 0x0000000003484558]
Event: 4.403 Thread 0x0000000018634000 2979       4       com.sun.org.apache.xerces.internal.dom.DeferredDocumentImpl::getParentNode (49 bytes)

GC Heap History (10 events):
Event: 2.420 GC heap before
{Heap before GC invocations=4 (full 0):
 PSYoungGen      total 38400K, used 33746K [0x00000000e0000000, 0x00000000e2a80000, 0x0000000100000000)
  eden space 33280K, 86% used [0x00000000e0000000,0x00000000e1bf6d38,0x00000000e2080000)
  from space 5120K, 99% used [0x00000000e2080000,0x00000000e257de10,0x00000000e2580000)
  to   space 5120K, 0% used [0x00000000e2580000,0x00000000e2580000,0x00000000e2a80000)
 ParOldGen       total 87552K, used 3911K [0x00000000a0000000, 0x00000000a5580000, 0x00000000e0000000)
  object space 87552K, 4% used [0x00000000a0000000,0x00000000a03d1dd0,0x00000000a5580000)
 Metaspace       used 20648K, capacity 21130K, committed 21248K, reserved 1067008K
  class space    used 2858K, capacity 3038K, committed 3072K, reserved 1048576K
Event: 2.425 GC heap after
Heap after GC invocations=4 (full 0):
 PSYoungGen      total 38400K, used 5092K [0x00000000e0000000, 0x00000000e2a80000, 0x0000000100000000)
  eden space 33280K, 0% used [0x00000000e0000000,0x00000000e0000000,0x00000000e2080000)
  from space 5120K, 99% used [0x00000000e2580000,0x00000000e2a79050,0x00000000e2a80000)
  to   space 5120K, 0% used [0x00000000e2080000,0x00000000e2080000,0x00000000e2580000)
 ParOldGen       total 87552K, used 7792K [0x00000000a0000000, 0x00000000a5580000, 0x00000000e0000000)
  object space 87552K, 8% used [0x00000000a0000000,0x00000000a079c1f8,0x00000000a5580000)
 Metaspace       used 20648K, capacity 21130K, committed 21248K, reserved 1067008K
  class space    used 2858K, capacity 3038K, committed 3072K, reserved 1048576K
}
Event: 2.425 GC heap before
{Heap before GC invocations=5 (full 1):
 PSYoungGen      total 38400K, used 5092K [0x00000000e0000000, 0x00000000e2a80000, 0x0000000100000000)
  eden space 33280K, 0% used [0x00000000e0000000,0x00000000e0000000,0x00000000e2080000)
  from space 5120K, 99% used [0x00000000e2580000,0x00000000e2a79050,0x00000000e2a80000)
  to   space 5120K, 0% used [0x00000000e2080000,0x00000000e2080000,0x00000000e2580000)
 ParOldGen       total 87552K, used 7792K [0x00000000a0000000, 0x00000000a5580000, 0x00000000e0000000)
  object space 87552K, 8% used [0x00000000a0000000,0x00000000a079c1f8,0x00000000a5580000)
 Metaspace       used 20648K, capacity 21130K, committed 21248K, reserved 1067008K
  class space    used 2858K, capacity 3038K, committed 3072K, reserved 1048576K
Event: 2.453 GC heap after
Heap after GC invocations=5 (full 1):
 PSYoungGen      total 38400K, used 0K [0x00000000e0000000, 0x00000000e2a80000, 0x0000000100000000)
  eden space 33280K, 0% used [0x00000000e0000000,0x00000000e0000000,0x00000000e2080000)
  from space 5120K, 0% used [0x00000000e2580000,0x00000000e2580000,0x00000000e2a80000)
  to   space 5120K, 0% used [0x00000000e2080000,0x00000000e2080000,0x00000000e2580000)
 ParOldGen       total 65536K, used 8755K [0x00000000a0000000, 0x00000000a4000000, 0x00000000e0000000)
  object space 65536K, 13% used [0x00000000a0000000,0x00000000a088cef0,0x00000000a4000000)
 Metaspace       used 20648K, capacity 21130K, committed 21248K, reserved 1067008K
  class space    used 2858K, capacity 3038K, committed 3072K, reserved 1048576K
}
Event: 2.833 GC heap before
{Heap before GC invocations=6 (full 1):
 PSYoungGen      total 38400K, used 33280K [0x00000000e0000000, 0x00000000e2a80000, 0x0000000100000000)
  eden space 33280K, 100% used [0x00000000e0000000,0x00000000e2080000,0x00000000e2080000)
  from space 5120K, 0% used [0x00000000e2580000,0x00000000e2580000,0x00000000e2a80000)
  to   space 5120K, 0% used [0x00000000e2080000,0x00000000e2080000,0x00000000e2580000)
 ParOldGen       total 65536K, used 8755K [0x00000000a0000000, 0x00000000a4000000, 0x00000000e0000000)
  object space 65536K, 13% used [0x00000000a0000000,0x00000000a088cef0,0x00000000a4000000)
 Metaspace       used 23557K, capacity 23994K, committed 24192K, reserved 1071104K
  class space    used 3204K, capacity 3368K, committed 3456K, reserved 1048576K
Event: 2.836 GC heap after
Heap after GC invocations=6 (full 1):
 PSYoungGen      total 38400K, used 4063K [0x00000000e0000000, 0x00000000e4480000, 0x0000000100000000)
  eden space 33280K, 0% used [0x00000000e0000000,0x00000000e0000000,0x00000000e2080000)
  from space 5120K, 79% used [0x00000000e2080000,0x00000000e2477cd8,0x00000000e2580000)
  to   space 10752K, 0% used [0x00000000e3a00000,0x00000000e3a00000,0x00000000e4480000)
 ParOldGen       total 65536K, used 8763K [0x00000000a0000000, 0x00000000a4000000, 0x00000000e0000000)
  object space 65536K, 13% used [0x00000000a0000000,0x00000000a088eef0,0x00000000a4000000)
 Metaspace       used 23557K, capacity 23994K, committed 24192K, reserved 1071104K
  class space    used 3204K, capacity 3368K, committed 3456K, reserved 1048576K
}
Event: 3.226 GC heap before
{Heap before GC invocations=7 (full 1):
 PSYoungGen      total 38400K, used 37343K [0x00000000e0000000, 0x00000000e4480000, 0x0000000100000000)
  eden space 33280K, 100% used [0x00000000e0000000,0x00000000e2080000,0x00000000e2080000)
  from space 5120K, 79% used [0x00000000e2080000,0x00000000e2477cd8,0x00000000e2580000)
  to   space 10752K, 0% used [0x00000000e3a00000,0x00000000e3a00000,0x00000000e4480000)
 ParOldGen       total 65536K, used 8763K [0x00000000a0000000, 0x00000000a4000000, 0x00000000e0000000)
  object space 65536K, 13% used [0x00000000a0000000,0x00000000a088eef0,0x00000000a4000000)
 Metaspace       used 25875K, capacity 26376K, committed 26624K, reserved 1073152K
  class space    used 3545K, capacity 3732K, committed 3840K, reserved 1048576K
Event: 3.230 GC heap after
Heap after GC invocations=7 (full 1):
 PSYoungGen      total 59392K, used 5506K [0x00000000e0000000, 0x00000000e4400000, 0x0000000100000000)
  eden space 49152K, 0% used [0x00000000e0000000,0x00000000e0000000,0x00000000e3000000)
  from space 10240K, 53% used [0x00000000e3a00000,0x00000000e3f60b10,0x00000000e4400000)
  to   space 10240K, 0% used [0x00000000e3000000,0x00000000e3000000,0x00000000e3a00000)
 ParOldGen       total 65536K, used 8771K [0x00000000a0000000, 0x00000000a4000000, 0x00000000e0000000)
  object space 65536K, 13% used [0x00000000a0000000,0x00000000a0890ef0,0x00000000a4000000)
 Metaspace       used 25875K, capacity 26376K, committed 26624K, reserved 1073152K
  class space    used 3545K, capacity 3732K, committed 3840K, reserved 1048576K
}
Event: 4.166 GC heap before
{Heap before GC invocations=8 (full 1):
 PSYoungGen      total 59392K, used 54658K [0x00000000e0000000, 0x00000000e4400000, 0x0000000100000000)
  eden space 49152K, 100% used [0x00000000e0000000,0x00000000e3000000,0x00000000e3000000)
  from space 10240K, 53% used [0x00000000e3a00000,0x00000000e3f60b10,0x00000000e4400000)
  to   space 10240K, 0% used [0x00000000e3000000,0x00000000e3000000,0x00000000e3a00000)
 ParOldGen       total 65536K, used 8771K [0x00000000a0000000, 0x00000000a4000000, 0x00000000e0000000)
  object space 65536K, 13% used [0x00000000a0000000,0x00000000a0890ef0,0x00000000a4000000)
 Metaspace       used 29979K, capacity 30572K, committed 30720K, reserved 1075200K
  class space    used 4105K, capacity 4319K, committed 4352K, reserved 1048576K
Event: 4.173 GC heap after
Heap after GC invocations=8 (full 1):
 PSYoungGen      total 59392K, used 7917K [0x00000000e0000000, 0x00000000e5a80000, 0x0000000100000000)
  eden space 49152K, 0% used [0x00000000e0000000,0x00000000e0000000,0x00000000e3000000)
  from space 10240K, 77% used [0x00000000e3000000,0x00000000e37bb778,0x00000000e3a00000)
  to   space 10752K, 0% used [0x00000000e5000000,0x00000000e5000000,0x00000000e5a80000)
 ParOldGen       total 65536K, used 8779K [0x00000000a0000000, 0x00000000a4000000, 0x00000000e0000000)
  object space 65536K, 13% used [0x00000000a0000000,0x00000000a0892ef0,0x00000000a4000000)
 Metaspace       used 29979K, capacity 30572K, committed 30720K, reserved 1075200K
  class space    used 4105K, capacity 4319K, committed 4352K, reserved 1048576K
}

Deoptimization events (10 events):
Event: 4.072 Thread 0x000000001a1d7800 Uncommon trap: reason=unstable_if action=reinterpret pc=0x00000000032c56a8 method=com.sun.org.apache.xerces.internal.dom.ParentNode.nodeListGetLength()I @ 11
Event: 4.077 Thread 0x000000001a1d7800 Uncommon trap: reason=unstable_if action=reinterpret pc=0x00000000032e8828 method=com.sun.org.apache.xerces.internal.dom.ParentNode.nodeListGetLength()I @ 11
Event: 4.100 Thread 0x000000001a1d7800 Uncommon trap: reason=unstable_if action=reinterpret pc=0x0000000003362f8c method=com.sun.org.apache.xerces.internal.impl.XMLEntityScanner.arrangeCapacity(IZ)Z @ 59
Event: 4.296 Thread 0x000000001a1d7800 Uncommon trap: reason=unstable_if action=reinterpret pc=0x0000000003364418 method=com.sun.org.apache.xerces.internal.impl.XMLEntityScanner.skipSpaces()Z @ 85
Event: 4.297 Thread 0x000000001a1d7800 Uncommon trap: reason=unstable_if action=reinterpret pc=0x0000000003426604 method=com.sun.org.apache.xerces.internal.impl.XMLEntityScanner.peekChar()I @ 51
Event: 4.297 Thread 0x000000001a1d7800 Uncommon trap: reason=unstable_if action=reinterpret pc=0x000000000337e54c method=com.sun.org.apache.xerces.internal.impl.XMLEntityScanner.scanContent(Lcom/sun/org/apache/xerces/internal/xni/XMLString;)I @ 127
Event: 4.297 Thread 0x000000001a1d7800 Uncommon trap: reason=unstable_if action=reinterpret pc=0x000000000337c46c method=com.sun.org.apache.xerces.internal.impl.XMLEntityScanner.peekChar()I @ 51
Event: 4.351 Thread 0x000000001a1d7800 Uncommon trap: reason=unstable_if action=reinterpret pc=0x00000000034c55c0 method=com.sun.org.apache.xerces.internal.impl.XMLEntityScanner.scanData(Ljava/lang/String;Lcom/sun/org/apache/xerces/internal/util/XMLStringBuffer;)Z @ 346
Event: 4.351 Thread 0x000000001a1d7800 Uncommon trap: reason=unstable_if action=reinterpret pc=0x0000000003462e14 method=com.sun.org.apache.xerces.internal.impl.XMLEntityScanner.scanData(Ljava/lang/String;Lcom/sun/org/apache/xerces/internal/util/XMLStringBuffer;)Z @ 923
Event: 4.352 Thread 0x000000001a1d7800 Uncommon trap: reason=unstable_if action=reinterpret pc=0x00000000033d9300 method=com.sun.org.apache.xerces.internal.impl.XMLEntityScanner.checkBeforeLoad(Lcom/sun/xml/internal/stream/Entity$ScannedEntity;II)I @ 18

Classes redefined (0 events):
No events

Internal exceptions (10 events):
Event: 3.085 Thread 0x000000001a1d7800 Exception <a 'java/lang/ClassNotFoundException': org/gradle/api/internal/artifacts/repositories/DefaultMavenArtifactRepositoryCustomizer> (0x00000000e1607b38) thrown at [D:\src\AOSP-openjdk-cygwin\jdk8u\hotspot\src\share\vm\classfile\systemDictionary.cpp,
Event: 3.086 Thread 0x000000001a1d7800 Exception <a 'java/lang/ClassNotFoundException': org/gradle/api/internal/artifacts/repositories/DefaultMavenArtifactRepository_DecoratedCustomizer> (0x00000000e164e8a0) thrown at [D:\src\AOSP-openjdk-cygwin\jdk8u\hotspot\src\share\vm\classfile\systemDicti
Event: 3.231 Thread 0x000000001a1d7800 Exception <a 'java/lang/ClassNotFoundException': build_7k0fervk3i14ecpqm8tc93wf0BeanInfo> (0x00000000e0015ac0) thrown at [D:\src\AOSP-openjdk-cygwin\jdk8u\hotspot\src\share\vm\classfile\systemDictionary.cpp, line 210]
Event: 3.231 Thread 0x000000001a1d7800 Exception <a 'java/lang/ClassNotFoundException': org/gradle/api/internal/project/ProjectScriptBeanInfo> (0x00000000e00275d0) thrown at [D:\src\AOSP-openjdk-cygwin\jdk8u\hotspot\src\share\vm\classfile\systemDictionary.cpp, line 210]
Event: 3.232 Thread 0x000000001a1d7800 Exception <a 'java/lang/ClassNotFoundException': org/gradle/api/internal/project/ProjectScriptCustomizer> (0x00000000e00396e8) thrown at [D:\src\AOSP-openjdk-cygwin\jdk8u\hotspot\src\share\vm\classfile\systemDictionary.cpp, line 210]
Event: 3.232 Thread 0x000000001a1d7800 Exception <a 'java/lang/ClassNotFoundException': build_7k0fervk3i14ecpqm8tc93wf0Customizer> (0x00000000e0057c78) thrown at [D:\src\AOSP-openjdk-cygwin\jdk8u\hotspot\src\share\vm\classfile\systemDictionary.cpp, line 210]
Event: 3.553 Thread 0x000000001a1d7800 Exception <a 'java/lang/ClassNotFoundException': org/gradle/api/internal/artifacts/dsl/dependencies/DefaultDependencyHandler_DecoratedBeanInfo> (0x00000000e0ff5c98) thrown at [D:\src\AOSP-openjdk-cygwin\jdk8u\hotspot\src\share\vm\classfile\systemDictionar
Event: 3.555 Thread 0x000000001a1d7800 Exception <a 'java/lang/ClassNotFoundException': org/gradle/api/internal/artifacts/dsl/dependencies/DefaultDependencyHandlerBeanInfo> (0x00000000e10385a8) thrown at [D:\src\AOSP-openjdk-cygwin\jdk8u\hotspot\src\share\vm\classfile\systemDictionary.cpp, lin
Event: 3.556 Thread 0x000000001a1d7800 Exception <a 'java/lang/ClassNotFoundException': org/gradle/api/internal/artifacts/dsl/dependencies/DefaultDependencyHandlerCustomizer> (0x00000000e107bac8) thrown at [D:\src\AOSP-openjdk-cygwin\jdk8u\hotspot\src\share\vm\classfile\systemDictionary.cpp, l
Event: 3.558 Thread 0x000000001a1d7800 Exception <a 'java/lang/ClassNotFoundException': org/gradle/api/internal/artifacts/dsl/dependencies/DefaultDependencyHandler_DecoratedCustomizer> (0x00000000e10e26e0) thrown at [D:\src\AOSP-openjdk-cygwin\jdk8u\hotspot\src\share\vm\classfile\systemDiction

Events (10 events):
Event: 4.389 loading class org/gradle/api/internal/artifacts/ivyservice/resolveengine/excludes/PatternMatchers
Event: 4.389 loading class org/gradle/api/internal/artifacts/ivyservice/resolveengine/excludes/PatternMatchers done
Event: 4.390 loading class org/apache/ivy/plugins/matcher/PatternMatcher
Event: 4.390 loading class org/apache/ivy/plugins/matcher/PatternMatcher done
Event: 4.391 loading class org/gradle/api/internal/artifacts/ivyservice/resolveengine/excludes/ImmutableModuleExclusionSet
Event: 4.391 loading class org/gradle/api/internal/artifacts/ivyservice/resolveengine/excludes/ImmutableModuleExclusionSet done
Event: 4.399 loading class org/gradle/api/internal/artifacts/ivyservice/resolveengine/graph/conflicts/ConflictContainer$Conflict
Event: 4.399 loading class org/gradle/api/internal/artifacts/ivyservice/resolveengine/graph/conflicts/ConflictContainer$Conflict done
Event: 4.399 loading class org/gradle/api/internal/artifacts/ivyservice/resolveengine/graph/DependencyGraphBuilder$2
Event: 4.399 loading class org/gradle/api/internal/artifacts/ivyservice/resolveengine/graph/DependencyGraphBuilder$2 done


Dynamic libraries:
0x00007ff7360b0000 - 0x00007ff7360e1000 	C:\Program Files\Android\Android Studio\jre\bin\java.exe
0x00007ffdce4f0000 - 0x00007ffdce6cb000 	C:\WINDOWS\SYSTEM32\ntdll.dll
0x00007ffdcdb00000 - 0x00007ffdcdbae000 	C:\WINDOWS\System32\KERNEL32.DLL
0x00007ffdcaca0000 - 0x00007ffdcaee9000 	C:\WINDOWS\System32\KERNELBASE.dll
0x00007ffdc9100000 - 0x00007ffdc917e000 	C:\WINDOWS\SYSTEM32\apphelp.dll
0x00007ffdcda50000 - 0x00007ffdcdaf1000 	C:\WINDOWS\System32\ADVAPI32.dll
0x00007ffdcd8f0000 - 0x00007ffdcd98d000 	C:\WINDOWS\System32\msvcrt.dll
0x00007ffdce020000 - 0x00007ffdce079000 	C:\WINDOWS\System32\sechost.dll
0x00007ffdce3c0000 - 0x00007ffdce4e5000 	C:\WINDOWS\System32\RPCRT4.dll
0x00007ffdce210000 - 0x00007ffdce35a000 	C:\WINDOWS\System32\USER32.dll
0x00007ffdcb8d0000 - 0x00007ffdcb8ee000 	C:\WINDOWS\System32\win32u.dll
0x00007ffdcd9a0000 - 0x00007ffdcd9c7000 	C:\WINDOWS\System32\GDI32.dll
0x00007ffdcab10000 - 0x00007ffdcac97000 	C:\WINDOWS\System32\gdi32full.dll
0x00007ffdcb8f0000 - 0x00007ffdcb98a000 	C:\WINDOWS\System32\msvcp_win.dll
0x00007ffdcaa10000 - 0x00007ffdcab06000 	C:\WINDOWS\System32\ucrtbase.dll
0x00007ffdbc870000 - 0x00007ffdbcad7000 	C:\WINDOWS\WinSxS\amd64_microsoft.windows.common-controls_6595b64144ccf1df_6.0.15063.483_none_26002d27e7c744a2\COMCTL32.dll
0x00007ffdcdbb0000 - 0x00007ffdcdea9000 	C:\WINDOWS\System32\combase.dll
0x00007ffdcb990000 - 0x00007ffdcb9fa000 	C:\WINDOWS\System32\bcryptPrimitives.dll
0x00007ffdce080000 - 0x00007ffdce0ad000 	C:\WINDOWS\System32\IMM32.DLL
0x000000005cdf0000 - 0x000000005cec2000 	C:\Program Files\Android\Android Studio\jre\jre\bin\msvcr100.dll
0x000000005ad20000 - 0x000000005b55e000 	C:\Program Files\Android\Android Studio\jre\jre\bin\server\jvm.dll
0x00007ffdcd8e0000 - 0x00007ffdcd8e8000 	C:\WINDOWS\System32\PSAPI.DLL
0x00007ffdc7360000 - 0x00007ffdc7383000 	C:\WINDOWS\SYSTEM32\WINMM.dll
0x00007ffdc7350000 - 0x00007ffdc735a000 	C:\WINDOWS\SYSTEM32\VERSION.dll
0x00007ffdc6130000 - 0x00007ffdc6139000 	C:\WINDOWS\SYSTEM32\WSOCK32.dll
0x00007ffdcba50000 - 0x00007ffdcbabc000 	C:\WINDOWS\System32\WS2_32.dll
0x00007ffdc7320000 - 0x00007ffdc734b000 	C:\WINDOWS\SYSTEM32\WINMMBASE.dll
0x00007ffdcba00000 - 0x00007ffdcba49000 	C:\WINDOWS\System32\cfgmgr32.dll
0x00007ffdc2ba0000 - 0x00007ffdc2baf000 	C:\Program Files\Android\Android Studio\jre\jre\bin\verify.dll
0x00007ffdb25e0000 - 0x00007ffdb2609000 	C:\Program Files\Android\Android Studio\jre\jre\bin\java.dll
0x00007ffdb5350000 - 0x00007ffdb5366000 	C:\Program Files\Android\Android Studio\jre\jre\bin\zip.dll
0x00007ffdcbf80000 - 0x00007ffdcd3b6000 	C:\WINDOWS\System32\SHELL32.dll
0x00007ffdcd720000 - 0x00007ffdcd7ca000 	C:\WINDOWS\System32\shcore.dll
0x00007ffdcaf50000 - 0x00007ffdcb641000 	C:\WINDOWS\System32\windows.storage.dll
0x00007ffdcbf20000 - 0x00007ffdcbf71000 	C:\WINDOWS\System32\shlwapi.dll
0x00007ffdca960000 - 0x00007ffdca971000 	C:\WINDOWS\System32\kernel.appcore.dll
0x00007ffdca9a0000 - 0x00007ffdca9ec000 	C:\WINDOWS\System32\powrprof.dll
0x00007ffdca9f0000 - 0x00007ffdcaa05000 	C:\WINDOWS\System32\profapi.dll
0x00007ffdb2760000 - 0x00007ffdb277a000 	C:\Program Files\Android\Android Studio\jre\jre\bin\net.dll
0x00007ffdca270000 - 0x00007ffdca2cc000 	C:\WINDOWS\system32\mswsock.dll
0x00007ffdb2110000 - 0x00007ffdb2121000 	C:\Program Files\Android\Android Studio\jre\jre\bin\nio.dll
0x00007ffdbfd80000 - 0x00007ffdbfd9e000 	C:\Users\pola alper\.gradle\native\25\windows-amd64\native-platform.dll
0x00007ffdc1fc0000 - 0x00007ffdc1fcd000 	C:\Program Files\Android\Android Studio\jre\jre\bin\management.dll
0x00007ffdca420000 - 0x00007ffdca437000 	C:\WINDOWS\SYSTEM32\CRYPTSP.dll
0x00007ffdc9e30000 - 0x00007ffdc9e64000 	C:\WINDOWS\system32\rsaenh.dll
0x00007ffdca520000 - 0x00007ffdca545000 	C:\WINDOWS\SYSTEM32\bcrypt.dll
0x00007ffdca890000 - 0x00007ffdca8b9000 	C:\WINDOWS\SYSTEM32\USERENV.dll
0x00007ffdca410000 - 0x00007ffdca41b000 	C:\WINDOWS\SYSTEM32\CRYPTBASE.dll
0x00007ffdca010000 - 0x00007ffdca047000 	C:\WINDOWS\SYSTEM32\IPHLPAPI.DLL
0x00007ffdce200000 - 0x00007ffdce208000 	C:\WINDOWS\System32\NSI.dll
0x00007ffdc5870000 - 0x00007ffdc5886000 	C:\WINDOWS\SYSTEM32\dhcpcsvc6.DLL
0x00007ffdc5820000 - 0x00007ffdc583a000 	C:\WINDOWS\SYSTEM32\dhcpcsvc.DLL

VM Arguments:
jvm_args: -Xmx1536m -Dfile.encoding=windows-1252 -Duser.country=US -Duser.language=en -Duser.variant 
java_command: org.gradle.launcher.daemon.bootstrap.GradleDaemon 4.1
java_class_path (initial): C:\Users\pola alper\.gradle\wrapper\dists\gradle-4.1-all\bzyivzo6n839fup2jbap0tjew\gradle-4.1\lib\gradle-launcher-4.1.jar
Launcher Type: SUN_STANDARD

Environment Variables:
PATH=C:\Program Files (x86)\Java\jre1.5.0_06\bin;C:\Program Files (x86)\Brackets\command;C:\Program Files (x86)\Skype\Phone\;C:\Program Files (x86)\NVIDIA Corporation\PhysX\Common;C:\WINDOWS\system32;C:\WINDOWS;C:\WINDOWS\System32\Wbem;C:\WINDOWS\System32\WindowsPowerShell\v1.0\;C:\Users\pola alper\AppData\Local\Microsoft\WindowsApps
USERNAME=pola alper
OS=Windows_NT
PROCESSOR_IDENTIFIER=Intel64 Family 6 Model 60 Stepping 3, GenuineIntel



---------------  S Y S T E M  ---------------

OS: Windows 10.0 , 64 bit Build 15063 (10.0.15063.296)

CPU:total 8 (initial active 8) (4 cores per cpu, 2 threads per core) family 6 model 60 stepping 3, cmov, cx8, fxsr, mmx, sse, sse2, sse3, ssse3, sse4.1, sse4.2, popcnt, avx, avx2, aes, clmul, erms, lzcnt, ht, tsc, tscinvbit, bmi1, bmi2

Memory: 4k page, physical 8302956k(521660k free), swap 13270324k(5816k free)

vm_info: OpenJDK 64-Bit Server VM (25.152-b01) for windows-amd64 JRE (1.8.0_152-release-915-b01), built by "builder" with MS VC++ 10.0 (VS2010)

time: Fri Nov 17 18:33:11 2017
elapsed time: 4 seconds (0d 0h 0m 4s)

