#
# There is insufficient memory for the Java Runtime Environment to continue.
# Native memory allocation (malloc) failed to allocate 359376 bytes for Chunk::new
# Possible reasons:
#   The system is out of physical RAM or swap space
#   In 32 bit mode, the process size limit was hit
# Possible solutions:
#   Reduce memory load on the system
#   Increase physical memory or swap space
#   Check if swap backing store is full
#   Use 64 bit Java on a 64 bit OS
#   Decrease Java heap size (-Xmx/-Xms)
#   Decrease number of Java threads
#   Decrease Java thread stack sizes (-Xss)
#   Set larger code cache with -XX:ReservedCodeCacheSize=
# This output file may be truncated or incomplete.
#
#  Out of Memory Error (allocation.cpp:390), pid=14916, tid=0x0000000000002fcc
#
# JRE version: OpenJDK Runtime Environment (8.0_152-b01) (build 1.8.0_152-release-915-b01)
# Java VM: OpenJDK 64-Bit Server VM (25.152-b01 mixed mode windows-amd64 compressed oops)
# Failed to write core dump. Minidumps are not enabled by default on client versions of Windows
#

---------------  T H R E A D  ---------------

Current thread (0x0000000018b70800):  JavaThread "C2 CompilerThread1" daemon [_thread_in_native, id=12236, stack(0x0000000019430000,0x0000000019530000)]

Stack: [0x0000000019430000,0x0000000019530000]
[error occurred during error reporting (printing stack bounds), id 0xc0000005]

Native frames: (J=compiled Java code, j=interpreted, Vv=VM code, C=native code)


Current CompileTask:
C2:   3753 1326       4       java.net.URLClassLoader$1::run (5 bytes)


---------------  P R O C E S S  ---------------

Java Threads: ( => current thread )
  0x000000001a7e1000 JavaThread "Cache worker for file hash cache (E:\all my projects\KadenD\HomeWork\.gradle\4.1\fileHashes)" [_thread_blocked, id=5148, stack(0x000000001d640000,0x000000001d740000)]
  0x000000001a7e0000 JavaThread "File lock request listener" [_thread_in_native, id=17608, stack(0x000000001d340000,0x000000001d440000)]
  0x000000001ab74000 JavaThread "Cache worker for file hash cache (C:\Users\pola alper\.gradle\caches\4.1\fileHashes)" [_thread_blocked, id=8880, stack(0x000000001d240000,0x000000001d340000)]
  0x000000001a85a800 JavaThread "Stdin handler" [_thread_blocked, id=12744, stack(0x000000001d040000,0x000000001d140000)]
  0x000000001a867000 JavaThread "Asynchronous log dispatcher for DefaultDaemonConnection: socket connection from /127.0.0.1:50210 to /127.0.0.1:50211" [_thread_blocked, id=5760, stack(0x000000001cf40000,0x000000001d040000)]
  0x000000001ac95000 JavaThread "Daemon worker" [_thread_in_vm, id=17124, stack(0x000000001ce40000,0x000000001cf40000)]
  0x000000001ac94800 JavaThread "Cancel handler" [_thread_blocked, id=16572, stack(0x000000001cd40000,0x000000001ce40000)]
  0x000000001aba3800 JavaThread "Handler for socket connection from /127.0.0.1:50210 to /127.0.0.1:50211" [_thread_in_native, id=17488, stack(0x000000001ca40000,0x000000001cb40000)]
  0x000000001aae3000 JavaThread "Daemon" [_thread_blocked, id=16956, stack(0x000000001c940000,0x000000001ca40000)]
  0x000000001aad2800 JavaThread "Daemon periodic checks" [_thread_blocked, id=17628, stack(0x000000001c840000,0x000000001c940000)]
  0x000000001ad3f800 JavaThread "Incoming local TCP Connector on port 50210" [_thread_in_native, id=10836, stack(0x000000001c610000,0x000000001c710000)]
  0x0000000018b96000 JavaThread "Service Thread" daemon [_thread_blocked, id=14264, stack(0x0000000019730000,0x0000000019830000)]
  0x0000000016c7a000 JavaThread "C1 CompilerThread3" daemon [_thread_blocked, id=16660, stack(0x0000000019630000,0x0000000019730000)]
  0x0000000018b72000 JavaThread "C2 CompilerThread2" daemon [_thread_in_native, id=3532, stack(0x0000000019530000,0x0000000019630000)]
=>0x0000000018b70800 JavaThread "C2 CompilerThread1" daemon [_thread_in_native, id=12236, stack(0x0000000019430000,0x0000000019530000)]
  0x0000000018b6d800 JavaThread "C2 CompilerThread0" daemon [_thread_blocked, id=4904, stack(0x0000000019330000,0x0000000019430000)]
  0x0000000018b6a800 JavaThread "Attach Listener" daemon [_thread_blocked, id=13824, stack(0x0000000019230000,0x0000000019330000)]
  0x0000000018b69000 JavaThread "Signal Dispatcher" daemon [_thread_blocked, id=13676, stack(0x0000000019130000,0x0000000019230000)]
  0x0000000002e8d800 JavaThread "Finalizer" daemon [_thread_blocked, id=16120, stack(0x0000000018f40000,0x0000000019040000)]
  0x0000000016c6b800 JavaThread "Reference Handler" daemon [_thread_blocked, id=16584, stack(0x0000000018a40000,0x0000000018b40000)]
  0x000000000146d800 JavaThread "main" [_thread_blocked, id=14324, stack(0x0000000002c80000,0x0000000002d80000)]

Other Threads:
  0x0000000016c65800 VMThread [stack: 0x0000000018940000,0x0000000018a40000] [id=13400]
  0x0000000018b96800 WatcherThread [stack: 0x0000000019830000,0x0000000019930000] [id=12064]

VM state:not at safepoint (normal execution)

VM Mutex/Monitor currently owned by a thread: None

Heap:
 PSYoungGen      total 38400K, used 32892K [0x00000000e0000000, 0x00000000e2a80000, 0x0000000100000000)
  eden space 33280K, 98% used [0x00000000e0000000,0x00000000e201f070,0x00000000e2080000)
  from space 5120K, 0% used [0x00000000e2080000,0x00000000e2080000,0x00000000e2580000)
  to   space 5120K, 0% used [0x00000000e2580000,0x00000000e2580000,0x00000000e2a80000)
 ParOldGen       total 52224K, used 3815K [0x00000000a0000000, 0x00000000a3300000, 0x00000000e0000000)
  object space 52224K, 7% used [0x00000000a0000000,0x00000000a03b9d70,0x00000000a3300000)
 Metaspace       used 15837K, capacity 16132K, committed 16256K, reserved 1064960K
  class space    used 2237K, capacity 2344K, committed 2432K, reserved 1048576K

Card table byte_map: [0x0000000012250000,0x0000000012560000] byte_map_base: 0x0000000011d50000

Marking Bits: (ParMarkBitMap*) 0x000000005b4e3950
 Begin Bits: [0x0000000012f60000, 0x0000000014760000)
 End Bits:   [0x0000000014760000, 0x0000000015f60000)

Polling page: 0x0000000001440000

CodeCache: size=245760Kb used=4976Kb max_used=4976Kb free=240783Kb
 bounds [0x0000000002e90000, 0x0000000003370000, 0x0000000011e90000]
 total_blobs=1853 nmethods=1483 adapters=284
 compilation: enabled

Compilation events (10 events):
Event: 3.734 Thread 0x0000000016c7a000 nmethod 1474 0x0000000003361bd0 code [0x0000000003361d40, 0x0000000003361fb0]
Event: 3.736 Thread 0x0000000018b6d800 1475       4       java.lang.String::startsWith (7 bytes)
Event: 3.738 Thread 0x0000000018b6d800 nmethod 1475 0x0000000003364e50 code [0x0000000003364fa0, 0x0000000003365138]
Event: 3.743 Thread 0x0000000016c7a000 1476       3       java.util.HashMap::remove (26 bytes)
Event: 3.744 Thread 0x0000000016c7a000 nmethod 1476 0x0000000003364750 code [0x00000000033648e0, 0x0000000003364cf8]
Event: 3.744 Thread 0x0000000016c7a000 1477       3       java.util.HashMap::removeNode (291 bytes)
Event: 3.745 Thread 0x0000000016c7a000 nmethod 1477 0x0000000003362c50 code [0x0000000003362ea0, 0x00000000033640d8]
Event: 3.746 Thread 0x0000000016c7a000 1478       3       java.net.URI$Parser::parse (265 bytes)
Event: 3.749 Thread 0x0000000016c7a000 nmethod 1478 0x0000000003365290 code [0x00000000033656e0, 0x0000000003367d88]
Event: 3.749 Thread 0x0000000016c7a000 1479       3       java.net.URI$Parser::parseHierarchical (180 bytes)

GC Heap History (8 events):
Event: 1.506 GC heap before
{Heap before GC invocations=1 (full 0):
 PSYoungGen      total 38400K, used 33280K [0x00000000e0000000, 0x00000000e2a80000, 0x0000000100000000)
  eden space 33280K, 100% used [0x00000000e0000000,0x00000000e2080000,0x00000000e2080000)
  from space 5120K, 0% used [0x00000000e2580000,0x00000000e2580000,0x00000000e2a80000)
  to   space 5120K, 0% used [0x00000000e2080000,0x00000000e2080000,0x00000000e2580000)
 ParOldGen       total 87552K, used 0K [0x00000000a0000000, 0x00000000a5580000, 0x00000000e0000000)
  object space 87552K, 0% used [0x00000000a0000000,0x00000000a0000000,0x00000000a5580000)
 Metaspace       used 6594K, capacity 6766K, committed 7040K, reserved 1056768K
  class space    used 799K, capacity 875K, committed 896K, reserved 1048576K
Event: 1.510 GC heap after
Heap after GC invocations=1 (full 0):
 PSYoungGen      total 38400K, used 3973K [0x00000000e0000000, 0x00000000e2a80000, 0x0000000100000000)
  eden space 33280K, 0% used [0x00000000e0000000,0x00000000e0000000,0x00000000e2080000)
  from space 5120K, 77% used [0x00000000e2080000,0x00000000e24616a0,0x00000000e2580000)
  to   space 5120K, 0% used [0x00000000e2580000,0x00000000e2580000,0x00000000e2a80000)
 ParOldGen       total 87552K, used 8K [0x00000000a0000000, 0x00000000a5580000, 0x00000000e0000000)
  object space 87552K, 0% used [0x00000000a0000000,0x00000000a0002000,0x00000000a5580000)
 Metaspace       used 6594K, capacity 6766K, committed 7040K, reserved 1056768K
  class space    used 799K, capacity 875K, committed 896K, reserved 1048576K
}
Event: 3.064 GC heap before
{Heap before GC invocations=2 (full 0):
 PSYoungGen      total 38400K, used 37253K [0x00000000e0000000, 0x00000000e2a80000, 0x0000000100000000)
  eden space 33280K, 100% used [0x00000000e0000000,0x00000000e2080000,0x00000000e2080000)
  from space 5120K, 77% used [0x00000000e2080000,0x00000000e24616a0,0x00000000e2580000)
  to   space 5120K, 0% used [0x00000000e2580000,0x00000000e2580000,0x00000000e2a80000)
 ParOldGen       total 87552K, used 8K [0x00000000a0000000, 0x00000000a5580000, 0x00000000e0000000)
  object space 87552K, 0% used [0x00000000a0000000,0x00000000a0002000,0x00000000a5580000)
 Metaspace       used 12161K, capacity 12544K, committed 12800K, reserved 1060864K
  class space    used 1619K, capacity 1766K, committed 1792K, reserved 1048576K
Event: 3.072 GC heap after
Heap after GC invocations=2 (full 0):
 PSYoungGen      total 38400K, used 5095K [0x00000000e0000000, 0x00000000e2a80000, 0x0000000100000000)
  eden space 33280K, 0% used [0x00000000e0000000,0x00000000e0000000,0x00000000e2080000)
  from space 5120K, 99% used [0x00000000e2580000,0x00000000e2a79ff0,0x00000000e2a80000)
  to   space 5120K, 0% used [0x00000000e2080000,0x00000000e2080000,0x00000000e2580000)
 ParOldGen       total 87552K, used 935K [0x00000000a0000000, 0x00000000a5580000, 0x00000000e0000000)
  object space 87552K, 1% used [0x00000000a0000000,0x00000000a00e9db0,0x00000000a5580000)
 Metaspace       used 12161K, capacity 12544K, committed 12800K, reserved 1060864K
  class space    used 1619K, capacity 1766K, committed 1792K, reserved 1048576K
}
Event: 3.232 GC heap before
{Heap before GC invocations=3 (full 0):
 PSYoungGen      total 38400K, used 9029K [0x00000000e0000000, 0x00000000e2a80000, 0x0000000100000000)
  eden space 33280K, 11% used [0x00000000e0000000,0x00000000e03d7510,0x00000000e2080000)
  from space 5120K, 99% used [0x00000000e2580000,0x00000000e2a79ff0,0x00000000e2a80000)
  to   space 5120K, 0% used [0x00000000e2080000,0x00000000e2080000,0x00000000e2580000)
 ParOldGen       total 87552K, used 935K [0x00000000a0000000, 0x00000000a5580000, 0x00000000e0000000)
  object space 87552K, 1% used [0x00000000a0000000,0x00000000a00e9db0,0x00000000a5580000)
 Metaspace       used 12496K, capacity 12800K, committed 12928K, reserved 1064960K
  class space    used 1694K, capacity 1830K, committed 1920K, reserved 1048576K
Event: 3.235 GC heap after
Heap after GC invocations=3 (full 0):
 PSYoungGen      total 38400K, used 3937K [0x00000000e0000000, 0x00000000e2a80000, 0x0000000100000000)
  eden space 33280K, 0% used [0x00000000e0000000,0x00000000e0000000,0x00000000e2080000)
  from space 5120K, 76% used [0x00000000e2080000,0x00000000e2458400,0x00000000e2580000)
  to   space 5120K, 0% used [0x00000000e2580000,0x00000000e2580000,0x00000000e2a80000)
 ParOldGen       total 87552K, used 943K [0x00000000a0000000, 0x00000000a5580000, 0x00000000e0000000)
  object space 87552K, 1% used [0x00000000a0000000,0x00000000a00ebdb0,0x00000000a5580000)
 Metaspace       used 12496K, capacity 12800K, committed 12928K, reserved 1064960K
  class space    used 1694K, capacity 1830K, committed 1920K, reserved 1048576K
}
Event: 3.235 GC heap before
{Heap before GC invocations=4 (full 1):
 PSYoungGen      total 38400K, used 3937K [0x00000000e0000000, 0x00000000e2a80000, 0x0000000100000000)
  eden space 33280K, 0% used [0x00000000e0000000,0x00000000e0000000,0x00000000e2080000)
  from space 5120K, 76% used [0x00000000e2080000,0x00000000e2458400,0x00000000e2580000)
  to   space 5120K, 0% used [0x00000000e2580000,0x00000000e2580000,0x00000000e2a80000)
 ParOldGen       total 87552K, used 943K [0x00000000a0000000, 0x00000000a5580000, 0x00000000e0000000)
  object space 87552K, 1% used [0x00000000a0000000,0x00000000a00ebdb0,0x00000000a5580000)
 Metaspace       used 12496K, capacity 12800K, committed 12928K, reserved 1064960K
  class space    used 1694K, capacity 1830K, committed 1920K, reserved 1048576K
Event: 3.253 GC heap after
Heap after GC invocations=4 (full 1):
 PSYoungGen      total 38400K, used 0K [0x00000000e0000000, 0x00000000e2a80000, 0x0000000100000000)
  eden space 33280K, 0% used [0x00000000e0000000,0x00000000e0000000,0x00000000e2080000)
  from space 5120K, 0% used [0x00000000e2080000,0x00000000e2080000,0x00000000e2580000)
  to   space 5120K, 0% used [0x00000000e2580000,0x00000000e2580000,0x00000000e2a80000)
 ParOldGen       total 52224K, used 3815K [0x00000000a0000000, 0x00000000a3300000, 0x00000000e0000000)
  object space 52224K, 7% used [0x00000000a0000000,0x00000000a03b9d70,0x00000000a3300000)
 Metaspace       used 12496K, capacity 12800K, committed 12928K, reserved 1062912K
  class space    used 1694K, capacity 1830K, committed 1920K, reserved 1048576K
}

Deoptimization events (10 events):
Event: 1.708 Thread 0x000000000146d800 Uncommon trap: reason=bimorphic action=maybe_recompile pc=0x0000000003120850 method=java.util.HashMap.putVal(ILjava/lang/Object;Ljava/lang/Object;ZZ)Ljava/lang/Object; @ 91
Event: 1.708 Thread 0x000000000146d800 Uncommon trap: reason=bimorphic action=maybe_recompile pc=0x0000000003120850 method=java.util.HashMap.putVal(ILjava/lang/Object;Ljava/lang/Object;ZZ)Ljava/lang/Object; @ 91
Event: 1.978 Thread 0x000000000146d800 Uncommon trap: reason=bimorphic action=maybe_recompile pc=0x00000000031acb74 method=java.util.HashMap.putVal(ILjava/lang/Object;Ljava/lang/Object;ZZ)Ljava/lang/Object; @ 203
Event: 2.313 Thread 0x000000000146d800 Uncommon trap: reason=unstable_if action=reinterpret pc=0x000000000320bdc4 method=java.io.WinNTFileSystem.normalize(Ljava/lang/String;)Ljava/lang/String; @ 128
Event: 2.313 Thread 0x000000000146d800 Uncommon trap: reason=unstable_if action=reinterpret pc=0x000000000319974c method=java.io.WinNTFileSystem.normalize(Ljava/lang/String;II)Ljava/lang/String; @ 90
Event: 3.022 Thread 0x000000001ac95000 Uncommon trap: reason=bimorphic action=maybe_recompile pc=0x00000000031ac4d4 method=java.util.HashMap.putVal(ILjava/lang/Object;Ljava/lang/Object;ZZ)Ljava/lang/Object; @ 253
Event: 3.022 Thread 0x000000001ac95000 Uncommon trap: reason=bimorphic action=maybe_recompile pc=0x00000000031ac4d4 method=java.util.HashMap.putVal(ILjava/lang/Object;Ljava/lang/Object;ZZ)Ljava/lang/Object; @ 253
Event: 3.402 Thread 0x000000001ac95000 Uncommon trap: reason=class_check action=maybe_recompile pc=0x00000000030fcc9c method=java.util.regex.Matcher.match(II)Z @ 86
Event: 3.402 Thread 0x000000001ac95000 Uncommon trap: reason=class_check action=maybe_recompile pc=0x00000000030fcc9c method=java.util.regex.Matcher.match(II)Z @ 86
Event: 3.478 Thread 0x000000001ac95000 Uncommon trap: reason=unstable_if action=reinterpret pc=0x00000000032e8db4 method=java.lang.String.lastIndexOf([CII[CIII)I @ 66

Classes redefined (0 events):
No events

Internal exceptions (10 events):
Event: 2.976 Thread 0x000000001aba3800 Exception <a 'java/lang/NoSuchMethodError': <clinit>> (0x00000000e1b961a0) thrown at [D:\src\AOSP-openjdk-cygwin\jdk8u\hotspot\src\share\vm\prims\jni.cpp, line 1613]
Event: 2.978 Thread 0x000000001aba3800 Exception <a 'java/lang/NoSuchMethodError': <clinit>> (0x00000000e1bb74a0) thrown at [D:\src\AOSP-openjdk-cygwin\jdk8u\hotspot\src\share\vm\prims\jni.cpp, line 1613]
Event: 2.980 Thread 0x000000001aba3800 Exception <a 'java/lang/NoSuchMethodError': <clinit>> (0x00000000e1bceff0) thrown at [D:\src\AOSP-openjdk-cygwin\jdk8u\hotspot\src\share\vm\prims\jni.cpp, line 1613]
Event: 2.980 Thread 0x000000001aba3800 Exception <a 'java/lang/NoSuchMethodError': <clinit>> (0x00000000e1bd7ab8) thrown at [D:\src\AOSP-openjdk-cygwin\jdk8u\hotspot\src\share\vm\prims\jni.cpp, line 1613]
Event: 2.981 Thread 0x000000001aba3800 Exception <a 'java/lang/NoSuchMethodError': <clinit>> (0x00000000e1be9170) thrown at [D:\src\AOSP-openjdk-cygwin\jdk8u\hotspot\src\share\vm\prims\jni.cpp, line 1613]
Event: 2.992 Thread 0x000000001aba3800 Exception <a 'java/lang/NoSuchMethodError': <clinit>> (0x00000000e1c681f8) thrown at [D:\src\AOSP-openjdk-cygwin\jdk8u\hotspot\src\share\vm\prims\jni.cpp, line 1613]
Event: 2.997 Thread 0x000000001aba3800 Exception <a 'java/lang/NoSuchMethodError': <clinit>> (0x00000000e1c82a90) thrown at [D:\src\AOSP-openjdk-cygwin\jdk8u\hotspot\src\share\vm\prims\jni.cpp, line 1613]
Event: 2.999 Thread 0x000000001aba3800 Exception <a 'java/lang/NoSuchMethodError': <clinit>> (0x00000000e1ca5398) thrown at [D:\src\AOSP-openjdk-cygwin\jdk8u\hotspot\src\share\vm\prims\jni.cpp, line 1613]
Event: 3.014 Thread 0x000000001ac95000 Exception <a 'java/lang/NoSuchMethodError': <clinit>> (0x00000000e1daf990) thrown at [D:\src\AOSP-openjdk-cygwin\jdk8u\hotspot\src\share\vm\prims\jni.cpp, line 1613]
Event: 3.014 Thread 0x000000001ac95000 Exception <a 'java/lang/NoSuchMethodError': <clinit>> (0x00000000e1db7c18) thrown at [D:\src\AOSP-openjdk-cygwin\jdk8u\hotspot\src\share\vm\prims\jni.cpp, line 1613]

Events (10 events):
Event: 3.749 loading class org/gradle/internal/scan/config/BuildScanConfigInit
Event: 3.749 loading class org/gradle/internal/scan/config/BuildScanConfigInit done
Event: 3.750 loading class org/gradle/internal/scan/config/BuildScanConfigProvider
Event: 3.750 loading class org/gradle/internal/scan/config/BuildScanConfigProvider done
Event: 3.750 loading class org/gradle/internal/operations/notify/BuildOperationNotificationServices
Event: 3.750 loading class org/gradle/internal/operations/notify/BuildOperationNotificationServices done
Event: 3.750 loading class org/gradle/internal/operations/notify/BuildOperationNotificationListenerRegistrar
Event: 3.750 loading class org/gradle/internal/operations/notify/BuildOperationNotificationListenerRegistrar done
Event: 3.751 loading class org/gradle/internal/concurrent/CompositeStoppable$2
Event: 3.751 loading class org/gradle/internal/concurrent/CompositeStoppable$2 done


Dynamic libraries:
0x00007ff7360b0000 - 0x00007ff7360e1000 	C:\Program Files\Android\Android Studio\jre\bin\java.exe
0x00007ffdce4f0000 - 0x00007ffdce6cb000 	C:\WINDOWS\SYSTEM32\ntdll.dll
0x00007ffdcdb00000 - 0x00007ffdcdbae000 	C:\WINDOWS\System32\KERNEL32.DLL
0x00007ffdcaca0000 - 0x00007ffdcaee9000 	C:\WINDOWS\System32\KERNELBASE.dll
0x00007ffdc9100000 - 0x00007ffdc917e000 	C:\WINDOWS\SYSTEM32\apphelp.dll
0x00007ffdcda50000 - 0x00007ffdcdaf1000 	C:\WINDOWS\System32\ADVAPI32.dll
0x00007ffdcd8f0000 - 0x00007ffdcd98d000 	C:\WINDOWS\System32\msvcrt.dll
0x00007ffdce020000 - 0x00007ffdce079000 	C:\WINDOWS\System32\sechost.dll
0x00007ffdce3c0000 - 0x00007ffdce4e5000 	C:\WINDOWS\System32\RPCRT4.dll
0x00007ffdce210000 - 0x00007ffdce35a000 	C:\WINDOWS\System32\USER32.dll
0x00007ffdcb8d0000 - 0x00007ffdcb8ee000 	C:\WINDOWS\System32\win32u.dll
0x00007ffdcd9a0000 - 0x00007ffdcd9c7000 	C:\WINDOWS\System32\GDI32.dll
0x00007ffdcab10000 - 0x00007ffdcac97000 	C:\WINDOWS\System32\gdi32full.dll
0x00007ffdcb8f0000 - 0x00007ffdcb98a000 	C:\WINDOWS\System32\msvcp_win.dll
0x00007ffdcaa10000 - 0x00007ffdcab06000 	C:\WINDOWS\System32\ucrtbase.dll
0x00007ffdbc870000 - 0x00007ffdbcad7000 	C:\WINDOWS\WinSxS\amd64_microsoft.windows.common-controls_6595b64144ccf1df_6.0.15063.483_none_26002d27e7c744a2\COMCTL32.dll
0x00007ffdcdbb0000 - 0x00007ffdcdea9000 	C:\WINDOWS\System32\combase.dll
0x00007ffdcb990000 - 0x00007ffdcb9fa000 	C:\WINDOWS\System32\bcryptPrimitives.dll
0x00007ffdce080000 - 0x00007ffdce0ad000 	C:\WINDOWS\System32\IMM32.DLL
0x000000005cdf0000 - 0x000000005cec2000 	C:\Program Files\Android\Android Studio\jre\jre\bin\msvcr100.dll
0x000000005ad20000 - 0x000000005b55e000 	C:\Program Files\Android\Android Studio\jre\jre\bin\server\jvm.dll
0x00007ffdcd8e0000 - 0x00007ffdcd8e8000 	C:\WINDOWS\System32\PSAPI.DLL
0x00007ffdc7350000 - 0x00007ffdc735a000 	C:\WINDOWS\SYSTEM32\VERSION.dll
0x00007ffdc6130000 - 0x00007ffdc6139000 	C:\WINDOWS\SYSTEM32\WSOCK32.dll
0x00007ffdc7360000 - 0x00007ffdc7383000 	C:\WINDOWS\SYSTEM32\WINMM.dll
0x00007ffdcba50000 - 0x00007ffdcbabc000 	C:\WINDOWS\System32\WS2_32.dll
0x00007ffdc7320000 - 0x00007ffdc734b000 	C:\WINDOWS\SYSTEM32\winmmbase.dll
0x00007ffdcba00000 - 0x00007ffdcba49000 	C:\WINDOWS\System32\cfgmgr32.dll
0x00007ffdc2ba0000 - 0x00007ffdc2baf000 	C:\Program Files\Android\Android Studio\jre\jre\bin\verify.dll
0x00007ffdb25e0000 - 0x00007ffdb2609000 	C:\Program Files\Android\Android Studio\jre\jre\bin\java.dll
0x00007ffdb5350000 - 0x00007ffdb5366000 	C:\Program Files\Android\Android Studio\jre\jre\bin\zip.dll
0x00007ffdcbf80000 - 0x00007ffdcd3b6000 	C:\WINDOWS\System32\SHELL32.dll
0x00007ffdcd720000 - 0x00007ffdcd7ca000 	C:\WINDOWS\System32\shcore.dll
0x00007ffdcaf50000 - 0x00007ffdcb641000 	C:\WINDOWS\System32\windows.storage.dll
0x00007ffdcbf20000 - 0x00007ffdcbf71000 	C:\WINDOWS\System32\shlwapi.dll
0x00007ffdca960000 - 0x00007ffdca971000 	C:\WINDOWS\System32\kernel.appcore.dll
0x00007ffdca9a0000 - 0x00007ffdca9ec000 	C:\WINDOWS\System32\powrprof.dll
0x00007ffdca9f0000 - 0x00007ffdcaa05000 	C:\WINDOWS\System32\profapi.dll
0x00007ffdb2760000 - 0x00007ffdb277a000 	C:\Program Files\Android\Android Studio\jre\jre\bin\net.dll
0x00007ffdca270000 - 0x00007ffdca2cc000 	C:\WINDOWS\system32\mswsock.dll
0x00007ffdb2110000 - 0x00007ffdb2121000 	C:\Program Files\Android\Android Studio\jre\jre\bin\nio.dll
0x00007ffdbfd80000 - 0x00007ffdbfd9e000 	C:\Users\pola alper\.gradle\native\25\windows-amd64\native-platform.dll
0x00007ffdc1fc0000 - 0x00007ffdc1fcd000 	C:\Program Files\Android\Android Studio\jre\jre\bin\management.dll
0x00007ffdca420000 - 0x00007ffdca437000 	C:\WINDOWS\SYSTEM32\CRYPTSP.dll
0x00007ffdc9e30000 - 0x00007ffdc9e64000 	C:\WINDOWS\system32\rsaenh.dll
0x00007ffdca520000 - 0x00007ffdca545000 	C:\WINDOWS\SYSTEM32\bcrypt.dll
0x00007ffdca890000 - 0x00007ffdca8b9000 	C:\WINDOWS\SYSTEM32\USERENV.dll
0x00007ffdca410000 - 0x00007ffdca41b000 	C:\WINDOWS\SYSTEM32\CRYPTBASE.dll
0x00007ffdca010000 - 0x00007ffdca047000 	C:\WINDOWS\SYSTEM32\IPHLPAPI.DLL
0x00007ffdce200000 - 0x00007ffdce208000 	C:\WINDOWS\System32\NSI.dll
0x00007ffdc5870000 - 0x00007ffdc5886000 	C:\WINDOWS\SYSTEM32\dhcpcsvc6.DLL
0x00007ffdc5820000 - 0x00007ffdc583a000 	C:\WINDOWS\SYSTEM32\dhcpcsvc.DLL

VM Arguments:
jvm_args: -Xmx1536m -Dfile.encoding=windows-1252 -Duser.country=US -Duser.language=en -Duser.variant 
java_command: org.gradle.launcher.daemon.bootstrap.GradleDaemon 4.1
java_class_path (initial): C:\Users\pola alper\.gradle\wrapper\dists\gradle-4.1-all\bzyivzo6n839fup2jbap0tjew\gradle-4.1\lib\gradle-launcher-4.1.jar
Launcher Type: SUN_STANDARD

Environment Variables:
PATH=C:\Program Files (x86)\Java\jre1.5.0_06\bin;C:\Program Files (x86)\Brackets\command;C:\Program Files (x86)\Skype\Phone\;C:\Program Files (x86)\NVIDIA Corporation\PhysX\Common;C:\WINDOWS\system32;C:\WINDOWS;C:\WINDOWS\System32\Wbem;C:\WINDOWS\System32\WindowsPowerShell\v1.0\;C:\Users\pola alper\AppData\Local\Microsoft\WindowsApps
USERNAME=pola alper
OS=Windows_NT
PROCESSOR_IDENTIFIER=Intel64 Family 6 Model 60 Stepping 3, GenuineIntel



---------------  S Y S T E M  ---------------

OS: Windows 10.0 , 64 bit Build 15063 (10.0.15063.296)

CPU:total 8 (initial active 8) (4 cores per cpu, 2 threads per core) family 6 model 60 stepping 3, cmov, cx8, fxsr, mmx, sse, sse2, sse3, ssse3, sse4.1, sse4.2, popcnt, avx, avx2, aes, clmul, erms, lzcnt, ht, tsc, tscinvbit, bmi1, bmi2

Memory: 4k page, physical 8302956k(1230352k free), swap 13409060k(3176k free)

vm_info: OpenJDK 64-Bit Server VM (25.152-b01) for windows-amd64 JRE (1.8.0_152-release-915-b01), built by "builder" with MS VC++ 10.0 (VS2010)

time: Fri Nov 17 18:16:23 2017
elapsed time: 3 seconds (0d 0h 0m 3s)

