#
# There is insufficient memory for the Java Runtime Environment to continue.
# Native memory allocation (malloc) failed to allocate 1354656 bytes for Chunk::new
# Possible reasons:
#   The system is out of physical RAM or swap space
#   In 32 bit mode, the process size limit was hit
# Possible solutions:
#   Reduce memory load on the system
#   Increase physical memory or swap space
#   Check if swap backing store is full
#   Use 64 bit Java on a 64 bit OS
#   Decrease Java heap size (-Xmx/-Xms)
#   Decrease number of Java threads
#   Decrease Java thread stack sizes (-Xss)
#   Set larger code cache with -XX:ReservedCodeCacheSize=
# This output file may be truncated or incomplete.
#
#  Out of Memory Error (allocation.cpp:390), pid=11108, tid=0x00000000000000f8
#
# JRE version: OpenJDK Runtime Environment (8.0_152-b01) (build 1.8.0_152-release-915-b01)
# Java VM: OpenJDK 64-Bit Server VM (25.152-b01 mixed mode windows-amd64 compressed oops)
# Failed to write core dump. Minidumps are not enabled by default on client versions of Windows
#

---------------  T H R E A D  ---------------

Current thread (0x0000000018e54000):  JavaThread "C2 CompilerThread2" daemon [_thread_in_native, id=248, stack(0x0000000019810000,0x0000000019910000)]

Stack: [0x0000000019810000,0x0000000019910000]
[error occurred during error reporting (printing stack bounds), id 0xc0000005]

Native frames: (J=compiled Java code, j=interpreted, Vv=VM code, C=native code)


Current CompileTask:
C2:   6102 4119       4       java.net.URLClassLoader$1::run (5 bytes)


---------------  P R O C E S S  ---------------

Java Threads: ( => current thread )
  0x000000001b9f6000 JavaThread "Memory manager" [_thread_blocked, id=3324, stack(0x0000000023bc0000,0x0000000023cc0000)]
  0x000000001b9f5000 JavaThread "pool-1-thread-1" [_thread_blocked, id=8236, stack(0x00000000238c0000,0x00000000239c0000)]
  0x000000001b9f0000 JavaThread "build operations Thread 8" [_thread_blocked, id=16852, stack(0x00000000233c0000,0x00000000234c0000)]
  0x000000001b9f3000 JavaThread "build operations Thread 7" [_thread_blocked, id=6512, stack(0x00000000232c0000,0x00000000233c0000)]
  0x000000001b9f4800 JavaThread "build operations Thread 6" [_thread_blocked, id=8532, stack(0x00000000231c0000,0x00000000232c0000)]
  0x000000001b9f3800 JavaThread "build operations Thread 5" [_thread_blocked, id=15828, stack(0x00000000230c0000,0x00000000231c0000)]
  0x000000001dcfd800 JavaThread "build operations Thread 4" [_thread_blocked, id=252, stack(0x0000000022fc0000,0x00000000230c0000)]
  0x000000001dcfa800 JavaThread "build operations Thread 3" [_thread_blocked, id=15664, stack(0x0000000022ec0000,0x0000000022fc0000)]
  0x000000001dcff800 JavaThread "build operations Thread 2" [_thread_blocked, id=14984, stack(0x0000000022b50000,0x0000000022c50000)]
  0x000000001dcff000 JavaThread "build operations" [_thread_blocked, id=6032, stack(0x0000000022a50000,0x0000000022b50000)]
  0x000000001dcfc000 JavaThread "Cache worker for Artifact transforms cache (C:\Users\pola alper\.gradle\caches\transforms-1)" [_thread_blocked, id=8476, stack(0x000000001ff80000,0x0000000020080000)]
  0x000000001aead800 JavaThread "Cache worker for file hash cache (E:\all my projects\KadenD\HomeWork\.gradle\4.1\fileHashes)" [_thread_blocked, id=8980, stack(0x000000001d950000,0x000000001da50000)]
  0x000000001b91d000 JavaThread "File lock request listener" [_thread_in_native, id=10500, stack(0x000000001d650000,0x000000001d750000)]
  0x000000001af82000 JavaThread "Cache worker for file hash cache (C:\Users\pola alper\.gradle\caches\4.1\fileHashes)" [_thread_blocked, id=1096, stack(0x000000001d550000,0x000000001d650000)]
  0x000000001aa51000 JavaThread "Stdin handler" [_thread_blocked, id=12568, stack(0x000000001d350000,0x000000001d450000)]
  0x000000001aa57000 JavaThread "Asynchronous log dispatcher for DefaultDaemonConnection: socket connection from /127.0.0.1:51028 to /127.0.0.1:51029" [_thread_blocked, id=16360, stack(0x000000001d250000,0x000000001d350000)]
  0x000000001b1df800 JavaThread "Daemon worker" [_thread_in_Java, id=17792, stack(0x000000001d150000,0x000000001d250000)]
  0x000000001b1de800 JavaThread "Cancel handler" [_thread_blocked, id=12476, stack(0x000000001d050000,0x000000001d150000)]
  0x000000001aa6d800 JavaThread "Handler for socket connection from /127.0.0.1:51028 to /127.0.0.1:51029" [_thread_in_native, id=8848, stack(0x000000001cd50000,0x000000001ce50000)]
  0x000000001aa6d000 JavaThread "Daemon" [_thread_blocked, id=12040, stack(0x000000001cc50000,0x000000001cd50000)]
  0x000000001b356800 JavaThread "Daemon periodic checks" [_thread_blocked, id=1312, stack(0x000000001cb50000,0x000000001cc50000)]
  0x000000001b355800 JavaThread "Incoming local TCP Connector on port 51028" [_thread_in_native, id=13320, stack(0x000000001c3b0000,0x000000001c4b0000)]
  0x0000000018ee2800 JavaThread "Service Thread" daemon [_thread_blocked, id=16860, stack(0x0000000019a10000,0x0000000019b10000)]
  0x0000000016f4b000 JavaThread "C1 CompilerThread3" daemon [_thread_blocked, id=13012, stack(0x0000000019910000,0x0000000019a10000)]
=>0x0000000018e54000 JavaThread "C2 CompilerThread2" daemon [_thread_in_native, id=248, stack(0x0000000019810000,0x0000000019910000)]
  0x0000000018e50000 JavaThread "C2 CompilerThread1" daemon [_thread_in_native, id=17536, stack(0x0000000019710000,0x0000000019810000)]
  0x0000000018e4d000 JavaThread "C2 CompilerThread0" daemon [_thread_in_native, id=5568, stack(0x0000000019610000,0x0000000019710000)]
  0x0000000018e49800 JavaThread "Attach Listener" daemon [_thread_blocked, id=8104, stack(0x0000000019510000,0x0000000019610000)]
  0x0000000016f48800 JavaThread "Signal Dispatcher" daemon [_thread_blocked, id=17496, stack(0x0000000019410000,0x0000000019510000)]
  0x000000000317d800 JavaThread "Finalizer" daemon [_thread_blocked, id=11956, stack(0x0000000019220000,0x0000000019320000)]
  0x0000000016f3b800 JavaThread "Reference Handler" daemon [_thread_blocked, id=11788, stack(0x0000000018d20000,0x0000000018e20000)]
  0x000000000307d800 JavaThread "main" [_thread_blocked, id=12424, stack(0x0000000002f10000,0x0000000003010000)]

Other Threads:
  0x0000000016f35800 VMThread [stack: 0x0000000018c20000,0x0000000018d20000] [id=17664]
  0x0000000018ee3800 WatcherThread [stack: 0x0000000019b10000,0x0000000019c10000] [id=412]

VM state:not at safepoint (normal execution)

VM Mutex/Monitor currently owned by a thread: None

Heap:
 PSYoungGen      total 107008K, used 63249K [0x00000000e0000000, 0x00000000ea180000, 0x0000000100000000)
  eden space 95744K, 66% used [0x00000000e0000000,0x00000000e3dc44b8,0x00000000e5d80000)
  from space 11264K, 0% used [0x00000000e5d80000,0x00000000e5d80000,0x00000000e6880000)
  to   space 12800K, 0% used [0x00000000e9500000,0x00000000e9500000,0x00000000ea180000)
 ParOldGen       total 105984K, used 17184K [0x00000000a0000000, 0x00000000a6780000, 0x00000000e0000000)
  object space 105984K, 16% used [0x00000000a0000000,0x00000000a10c82d8,0x00000000a6780000)
 Metaspace       used 40979K, capacity 41718K, committed 41944K, reserved 1085440K
  class space    used 5461K, capacity 5786K, committed 5888K, reserved 1048576K

Card table byte_map: [0x0000000012540000,0x0000000012850000] byte_map_base: 0x0000000012040000

Marking Bits: (ParMarkBitMap*) 0x000000005b4e3950
 Begin Bits: [0x0000000013250000, 0x0000000014a50000)
 End Bits:   [0x0000000014a50000, 0x0000000016250000)

Polling page: 0x00000000011f0000

CodeCache: size=245760Kb used=13660Kb max_used=14278Kb free=232099Kb
 bounds [0x0000000003180000, 0x0000000003f80000, 0x0000000012180000]
 total_blobs=4699 nmethods=3963 adapters=648
 compilation: enabled

Compilation events (10 events):
Event: 6.098 Thread 0x0000000016f4b000 nmethod 4424 0x000000000341ded0 code [0x000000000341e040, 0x000000000341e350]
Event: 6.098 Thread 0x0000000016f4b000 4421       3       org.gradle.model.internal.manage.schema.cache.WeakClassSet::of (46 bytes)
Event: 6.099 Thread 0x0000000016f4b000 nmethod 4421 0x0000000003421790 code [0x0000000003421a60, 0x0000000003422dc8]
Event: 6.099 Thread 0x0000000016f4b000 4427       3       java.util.Formatter::ensureOpen (16 bytes)
Event: 6.099 Thread 0x0000000016f4b000 nmethod 4427 0x000000000341da90 code [0x000000000341dc00, 0x000000000341de08]
Event: 6.099 Thread 0x0000000016f4b000 4422       3       org.gradle.model.internal.type.ModelType::getAllClasses (19 bytes)
Event: 6.100 Thread 0x0000000016f4b000 nmethod 4422 0x0000000003420ed0 code [0x0000000003421080, 0x0000000003421568]
Event: 6.100 Thread 0x0000000016f4b000 4423       3       org.gradle.model.internal.manage.schema.cache.WeakClassSet::<init> (5 bytes)
Event: 6.100 Thread 0x0000000016f4b000 nmethod 4423 0x000000000341d6d0 code [0x000000000341d820, 0x000000000341d9d0]
Event: 6.100 Thread 0x0000000016f4b000 4425       3       java.lang.Class::isAnnotationPresent (6 bytes)

GC Heap History (10 events):
Event: 2.113 GC heap before
{Heap before GC invocations=5 (full 1):
 PSYoungGen      total 71680K, used 5088K [0x00000000e0000000, 0x00000000e4b00000, 0x0000000100000000)
  eden space 66560K, 0% used [0x00000000e0000000,0x00000000e0000000,0x00000000e4100000)
  from space 5120K, 99% used [0x00000000e4600000,0x00000000e4af8010,0x00000000e4b00000)
  to   space 5120K, 0% used [0x00000000e4100000,0x00000000e4100000,0x00000000e4600000)
 ParOldGen       total 87552K, used 7725K [0x00000000a0000000, 0x00000000a5580000, 0x00000000e0000000)
  object space 87552K, 8% used [0x00000000a0000000,0x00000000a078b580,0x00000000a5580000)
 Metaspace       used 20695K, capacity 21112K, committed 21248K, reserved 1067008K
  class space    used 2866K, capacity 3035K, committed 3072K, reserved 1048576K
Event: 2.141 GC heap after
Heap after GC invocations=5 (full 1):
 PSYoungGen      total 71680K, used 0K [0x00000000e0000000, 0x00000000e4b00000, 0x0000000100000000)
  eden space 66560K, 0% used [0x00000000e0000000,0x00000000e0000000,0x00000000e4100000)
  from space 5120K, 0% used [0x00000000e4600000,0x00000000e4600000,0x00000000e4b00000)
  to   space 5120K, 0% used [0x00000000e4100000,0x00000000e4100000,0x00000000e4600000)
 ParOldGen       total 65024K, used 8814K [0x00000000a0000000, 0x00000000a3f80000, 0x00000000e0000000)
  object space 65024K, 13% used [0x00000000a0000000,0x00000000a089b8d8,0x00000000a3f80000)
 Metaspace       used 20695K, capacity 21112K, committed 21248K, reserved 1067008K
  class space    used 2866K, capacity 3035K, committed 3072K, reserved 1048576K
}
Event: 2.969 GC heap before
{Heap before GC invocations=6 (full 1):
 PSYoungGen      total 71680K, used 66560K [0x00000000e0000000, 0x00000000e4b00000, 0x0000000100000000)
  eden space 66560K, 100% used [0x00000000e0000000,0x00000000e4100000,0x00000000e4100000)
  from space 5120K, 0% used [0x00000000e4600000,0x00000000e4600000,0x00000000e4b00000)
  to   space 5120K, 0% used [0x00000000e4100000,0x00000000e4100000,0x00000000e4600000)
 ParOldGen       total 65024K, used 8814K [0x00000000a0000000, 0x00000000a3f80000, 0x00000000e0000000)
  object space 65024K, 13% used [0x00000000a0000000,0x00000000a089b8d8,0x00000000a3f80000)
 Metaspace       used 26153K, capacity 26670K, committed 26880K, reserved 1073152K
  class space    used 3554K, capacity 3750K, committed 3840K, reserved 1048576K
Event: 2.976 GC heap after
Heap after GC invocations=6 (full 1):
 PSYoungGen      total 71680K, used 5096K [0x00000000e0000000, 0x00000000e7280000, 0x0000000100000000)
  eden space 66560K, 0% used [0x00000000e0000000,0x00000000e0000000,0x00000000e4100000)
  from space 5120K, 99% used [0x00000000e4100000,0x00000000e45fa2c8,0x00000000e4600000)
  to   space 10240K, 0% used [0x00000000e6880000,0x00000000e6880000,0x00000000e7280000)
 ParOldGen       total 65024K, used 10711K [0x00000000a0000000, 0x00000000a3f80000, 0x00000000e0000000)
  object space 65024K, 16% used [0x00000000a0000000,0x00000000a0a75c80,0x00000000a3f80000)
 Metaspace       used 26153K, capacity 26670K, committed 26880K, reserved 1073152K
  class space    used 3554K, capacity 3750K, committed 3840K, reserved 1048576K
}
Event: 3.731 GC heap before
{Heap before GC invocations=7 (full 1):
 PSYoungGen      total 71680K, used 71656K [0x00000000e0000000, 0x00000000e7280000, 0x0000000100000000)
  eden space 66560K, 100% used [0x00000000e0000000,0x00000000e4100000,0x00000000e4100000)
  from space 5120K, 99% used [0x00000000e4100000,0x00000000e45fa2c8,0x00000000e4600000)
  to   space 10240K, 0% used [0x00000000e6880000,0x00000000e6880000,0x00000000e7280000)
 ParOldGen       total 65024K, used 10711K [0x00000000a0000000, 0x00000000a3f80000, 0x00000000e0000000)
  object space 65024K, 16% used [0x00000000a0000000,0x00000000a0a75c80,0x00000000a3f80000)
 Metaspace       used 31100K, capacity 31722K, committed 32000K, reserved 1077248K
  class space    used 4298K, capacity 4580K, committed 4608K, reserved 1048576K
Event: 3.743 GC heap after
Heap after GC invocations=7 (full 1):
 PSYoungGen      total 105984K, used 9501K [0x00000000e0000000, 0x00000000e7680000, 0x0000000100000000)
  eden space 95744K, 0% used [0x00000000e0000000,0x00000000e0000000,0x00000000e5d80000)
  from space 10240K, 92% used [0x00000000e6880000,0x00000000e71c7770,0x00000000e7280000)
  to   space 11264K, 0% used [0x00000000e5d80000,0x00000000e5d80000,0x00000000e6880000)
 ParOldGen       total 65024K, used 10783K [0x00000000a0000000, 0x00000000a3f80000, 0x00000000e0000000)
  object space 65024K, 16% used [0x00000000a0000000,0x00000000a0a87c90,0x00000000a3f80000)
 Metaspace       used 31100K, capacity 31722K, committed 32000K, reserved 1077248K
  class space    used 4298K, capacity 4580K, committed 4608K, reserved 1048576K
}
Event: 5.138 GC heap before
{Heap before GC invocations=8 (full 1):
 PSYoungGen      total 105984K, used 82210K [0x00000000e0000000, 0x00000000e7680000, 0x0000000100000000)
  eden space 95744K, 75% used [0x00000000e0000000,0x00000000e4701138,0x00000000e5d80000)
  from space 10240K, 92% used [0x00000000e6880000,0x00000000e71c7770,0x00000000e7280000)
  to   space 11264K, 0% used [0x00000000e5d80000,0x00000000e5d80000,0x00000000e6880000)
 ParOldGen       total 65024K, used 10783K [0x00000000a0000000, 0x00000000a3f80000, 0x00000000e0000000)
  object space 65024K, 16% used [0x00000000a0000000,0x00000000a0a87c90,0x00000000a3f80000)
 Metaspace       used 34621K, capacity 35356K, committed 35416K, reserved 1079296K
  class space    used 4672K, capacity 4955K, committed 4992K, reserved 1048576K
Event: 5.150 GC heap after
Heap after GC invocations=8 (full 1):
 PSYoungGen      total 107008K, used 11208K [0x00000000e0000000, 0x00000000ea180000, 0x0000000100000000)
  eden space 95744K, 0% used [0x00000000e0000000,0x00000000e0000000,0x00000000e5d80000)
  from space 11264K, 99% used [0x00000000e5d80000,0x00000000e6872350,0x00000000e6880000)
  to   space 12800K, 0% used [0x00000000e9500000,0x00000000e9500000,0x00000000ea180000)
 ParOldGen       total 65024K, used 10791K [0x00000000a0000000, 0x00000000a3f80000, 0x00000000e0000000)
  object space 65024K, 16% used [0x00000000a0000000,0x00000000a0a89c90,0x00000000a3f80000)
 Metaspace       used 34621K, capacity 35356K, committed 35416K, reserved 1079296K
  class space    used 4672K, capacity 4955K, committed 4992K, reserved 1048576K
}
Event: 5.150 GC heap before
{Heap before GC invocations=9 (full 2):
 PSYoungGen      total 107008K, used 11208K [0x00000000e0000000, 0x00000000ea180000, 0x0000000100000000)
  eden space 95744K, 0% used [0x00000000e0000000,0x00000000e0000000,0x00000000e5d80000)
  from space 11264K, 99% used [0x00000000e5d80000,0x00000000e6872350,0x00000000e6880000)
  to   space 12800K, 0% used [0x00000000e9500000,0x00000000e9500000,0x00000000ea180000)
 ParOldGen       total 65024K, used 10791K [0x00000000a0000000, 0x00000000a3f80000, 0x00000000e0000000)
  object space 65024K, 16% used [0x00000000a0000000,0x00000000a0a89c90,0x00000000a3f80000)
 Metaspace       used 34621K, capacity 35356K, committed 35416K, reserved 1079296K
  class space    used 4672K, capacity 4955K, committed 4992K, reserved 1048576K
Event: 5.229 GC heap after
Heap after GC invocations=9 (full 2):
 PSYoungGen      total 107008K, used 0K [0x00000000e0000000, 0x00000000ea180000, 0x0000000100000000)
  eden space 95744K, 0% used [0x00000000e0000000,0x00000000e0000000,0x00000000e5d80000)
  from space 11264K, 0% used [0x00000000e5d80000,0x00000000e5d80000,0x00000000e6880000)
  to   space 12800K, 0% used [0x00000000e9500000,0x00000000e9500000,0x00000000ea180000)
 ParOldGen       total 105984K, used 17184K [0x00000000a0000000, 0x00000000a6780000, 0x00000000e0000000)
  object space 105984K, 16% used [0x00000000a0000000,0x00000000a10c82d8,0x00000000a6780000)
 Metaspace       used 34597K, capacity 35268K, committed 35416K, reserved 1079296K
  class space    used 4665K, capacity 4947K, committed 4992K, reserved 1048576K
}

Deoptimization events (10 events):
Event: 5.537 Thread 0x000000001b1df800 Uncommon trap: reason=bimorphic action=maybe_recompile pc=0x0000000003aeaf9c method=java.util.Arrays.binarySearch0([Ljava/lang/Object;IILjava/lang/Object;Ljava/util/Comparator;)I @ 48
Event: 5.578 Thread 0x000000001b1df800 Uncommon trap: reason=unstable_if action=reinterpret pc=0x00000000036ee91c method=sun.misc.MetaIndex.mayContain(Ljava/lang/String;)Z @ 38
Event: 5.579 Thread 0x000000001b1df800 Uncommon trap: reason=unstable_if action=reinterpret pc=0x00000000032e0c18 method=java.security.CodeSource.hashCode()I @ 4
Event: 5.579 Thread 0x000000001b1df800 Uncommon trap: reason=unstable_if action=reinterpret pc=0x00000000032c8b0c method=java.security.CodeSource.hashCode()I @ 4
Event: 5.890 Thread 0x000000001b1df800 Uncommon trap: reason=unstable_if action=reinterpret pc=0x00000000039bd2a0 method=java.util.concurrent.ConcurrentHashMap.get(Ljava/lang/Object;)Ljava/lang/Object; @ 152
Event: 5.979 Thread 0x000000001b1df800 Uncommon trap: reason=unstable_if action=reinterpret pc=0x0000000003ecf058 method=java.util.HashMap.removeNode(ILjava/lang/Object;Ljava/lang/Object;ZZ)Ljava/util/HashMap$Node; @ 58
Event: 5.988 Thread 0x000000001b1df800 Uncommon trap: reason=unstable_if action=reinterpret pc=0x0000000003b4d368 method=java.util.HashMap.putVal(ILjava/lang/Object;Ljava/lang/Object;ZZ)Ljava/lang/Object; @ 162
Event: 5.988 Thread 0x000000001b1df800 Uncommon trap: reason=unstable_if action=reinterpret pc=0x0000000003481a90 method=java.util.HashMap.resize()[Ljava/util/HashMap$Node; @ 206
Event: 6.062 Thread 0x000000001b1df800 Uncommon trap: reason=unstable_if action=reinterpret pc=0x0000000003b47538 method=java.lang.reflect.Modifier.toString(I)Ljava/lang/String; @ 123
Event: 6.076 Thread 0x000000001b1df800 Uncommon trap: reason=unstable_if action=reinterpret pc=0x0000000003c000d4 method=java.lang.reflect.Modifier.toString(I)Ljava/lang/String; @ 123

Classes redefined (0 events):
No events

Internal exceptions (10 events):
Event: 5.455 Thread 0x000000001b1df800 Exception <a 'java/lang/ClassNotFoundException': groovy/util/AntBuilderBeanInfo> (0x00000000e091ecc0) thrown at [D:\src\AOSP-openjdk-cygwin\jdk8u\hotspot\src\share\vm\classfile\systemDictionary.cpp, line 210]
Event: 5.456 Thread 0x000000001b1df800 Exception <a 'java/lang/ClassNotFoundException': groovy/util/BuilderSupportBeanInfo> (0x00000000e093f210) thrown at [D:\src\AOSP-openjdk-cygwin\jdk8u\hotspot\src\share\vm\classfile\systemDictionary.cpp, line 210]
Event: 5.456 Thread 0x000000001b1df800 Exception <a 'java/lang/ClassNotFoundException': groovy/util/BuilderSupportCustomizer> (0x00000000e09615f0) thrown at [D:\src\AOSP-openjdk-cygwin\jdk8u\hotspot\src\share\vm\classfile\systemDictionary.cpp, line 210]
Event: 5.457 Thread 0x000000001b1df800 Exception <a 'java/lang/ClassNotFoundException': groovy/util/AntBuilderCustomizer> (0x00000000e09847c8) thrown at [D:\src\AOSP-openjdk-cygwin\jdk8u\hotspot\src\share\vm\classfile\systemDictionary.cpp, line 210]
Event: 5.458 Thread 0x000000001b1df800 Exception <a 'java/lang/ClassNotFoundException': org/gradle/api/AntBuilderCustomizer> (0x00000000e09acba8) thrown at [D:\src\AOSP-openjdk-cygwin\jdk8u\hotspot\src\share\vm\classfile\systemDictionary.cpp, line 210]
Event: 5.458 Thread 0x000000001b1df800 Exception <a 'java/lang/ClassNotFoundException': org/gradle/api/internal/project/ant/BasicAntBuilderCustomizer> (0x00000000e09e8f90) thrown at [D:\src\AOSP-openjdk-cygwin\jdk8u\hotspot\src\share\vm\classfile\systemDictionary.cpp, line 210]
Event: 5.459 Thread 0x000000001b1df800 Exception <a 'java/lang/ClassNotFoundException': org/gradle/api/internal/project/DefaultAntBuilderCustomizer> (0x00000000e0a2be78) thrown at [D:\src\AOSP-openjdk-cygwin\jdk8u\hotspot\src\share\vm\classfile\systemDictionary.cpp, line 210]
Event: 5.579 Thread 0x000000001b1df800 Implicit null exception at 0x00000000032dfdf8 to 0x00000000032e0be1
Event: 5.579 Thread 0x000000001b1df800 Implicit null exception at 0x00000000032c8815 to 0x00000000032c8afd
Event: 5.706 Thread 0x000000001b1df800 Exception <a 'sun/nio/fs/WindowsException'> (0x00000000e12f5700) thrown at [D:\src\AOSP-openjdk-cygwin\jdk8u\hotspot\src\share\vm\prims\jni.cpp, line 709]

Events (10 events):
Event: 6.083 loading class org/apache/tools/ant/types/FilterSet$FiltersFile
Event: 6.083 loading class org/apache/tools/ant/types/FilterSet$FiltersFile done
Event: 6.083 loading class org/apache/tools/ant/types/PropertySet
Event: 6.083 loading class org/apache/tools/ant/types/PropertySet done
Event: 6.084 loading class org/apache/tools/ant/types/FilterSet$Filter
Event: 6.084 loading class org/apache/tools/ant/types/FilterSet$Filter done
Event: 6.084 loading class org/apache/tools/ant/types/Reference
Event: 6.084 loading class org/apache/tools/ant/types/Reference done
Event: 6.091 loading class org/apache/tools/ant/input/InputRequest
Event: 6.091 loading class org/apache/tools/ant/input/InputRequest done


Dynamic libraries:
0x00007ff7360b0000 - 0x00007ff7360e1000 	C:\Program Files\Android\Android Studio\jre\bin\java.exe
0x00007ffdce4f0000 - 0x00007ffdce6cb000 	C:\WINDOWS\SYSTEM32\ntdll.dll
0x00007ffdcdb00000 - 0x00007ffdcdbae000 	C:\WINDOWS\System32\KERNEL32.DLL
0x00007ffdcaca0000 - 0x00007ffdcaee9000 	C:\WINDOWS\System32\KERNELBASE.dll
0x00007ffdc9100000 - 0x00007ffdc917e000 	C:\WINDOWS\SYSTEM32\apphelp.dll
0x00007ffdcda50000 - 0x00007ffdcdaf1000 	C:\WINDOWS\System32\ADVAPI32.dll
0x00007ffdcd8f0000 - 0x00007ffdcd98d000 	C:\WINDOWS\System32\msvcrt.dll
0x00007ffdce020000 - 0x00007ffdce079000 	C:\WINDOWS\System32\sechost.dll
0x00007ffdce3c0000 - 0x00007ffdce4e5000 	C:\WINDOWS\System32\RPCRT4.dll
0x00007ffdce210000 - 0x00007ffdce35a000 	C:\WINDOWS\System32\USER32.dll
0x00007ffdcb8d0000 - 0x00007ffdcb8ee000 	C:\WINDOWS\System32\win32u.dll
0x00007ffdcd9a0000 - 0x00007ffdcd9c7000 	C:\WINDOWS\System32\GDI32.dll
0x00007ffdcab10000 - 0x00007ffdcac97000 	C:\WINDOWS\System32\gdi32full.dll
0x00007ffdcb8f0000 - 0x00007ffdcb98a000 	C:\WINDOWS\System32\msvcp_win.dll
0x00007ffdcaa10000 - 0x00007ffdcab06000 	C:\WINDOWS\System32\ucrtbase.dll
0x00007ffdbc870000 - 0x00007ffdbcad7000 	C:\WINDOWS\WinSxS\amd64_microsoft.windows.common-controls_6595b64144ccf1df_6.0.15063.483_none_26002d27e7c744a2\COMCTL32.dll
0x00007ffdcdbb0000 - 0x00007ffdcdea9000 	C:\WINDOWS\System32\combase.dll
0x00007ffdcb990000 - 0x00007ffdcb9fa000 	C:\WINDOWS\System32\bcryptPrimitives.dll
0x00007ffdce080000 - 0x00007ffdce0ad000 	C:\WINDOWS\System32\IMM32.DLL
0x000000005cdf0000 - 0x000000005cec2000 	C:\Program Files\Android\Android Studio\jre\jre\bin\msvcr100.dll
0x000000005ad20000 - 0x000000005b55e000 	C:\Program Files\Android\Android Studio\jre\jre\bin\server\jvm.dll
0x00007ffdcd8e0000 - 0x00007ffdcd8e8000 	C:\WINDOWS\System32\PSAPI.DLL
0x00007ffdc7360000 - 0x00007ffdc7383000 	C:\WINDOWS\SYSTEM32\WINMM.dll
0x00007ffdc6130000 - 0x00007ffdc6139000 	C:\WINDOWS\SYSTEM32\WSOCK32.dll
0x00007ffdc7350000 - 0x00007ffdc735a000 	C:\WINDOWS\SYSTEM32\VERSION.dll
0x00007ffdcba50000 - 0x00007ffdcbabc000 	C:\WINDOWS\System32\WS2_32.dll
0x00007ffdc7320000 - 0x00007ffdc734b000 	C:\WINDOWS\SYSTEM32\WINMMBASE.dll
0x00007ffdcba00000 - 0x00007ffdcba49000 	C:\WINDOWS\System32\cfgmgr32.dll
0x00007ffdc2ba0000 - 0x00007ffdc2baf000 	C:\Program Files\Android\Android Studio\jre\jre\bin\verify.dll
0x00007ffdb25e0000 - 0x00007ffdb2609000 	C:\Program Files\Android\Android Studio\jre\jre\bin\java.dll
0x00007ffdb5350000 - 0x00007ffdb5366000 	C:\Program Files\Android\Android Studio\jre\jre\bin\zip.dll
0x00007ffdcbf80000 - 0x00007ffdcd3b6000 	C:\WINDOWS\System32\SHELL32.dll
0x00007ffdcd720000 - 0x00007ffdcd7ca000 	C:\WINDOWS\System32\shcore.dll
0x00007ffdcaf50000 - 0x00007ffdcb641000 	C:\WINDOWS\System32\windows.storage.dll
0x00007ffdcbf20000 - 0x00007ffdcbf71000 	C:\WINDOWS\System32\shlwapi.dll
0x00007ffdca960000 - 0x00007ffdca971000 	C:\WINDOWS\System32\kernel.appcore.dll
0x00007ffdca9a0000 - 0x00007ffdca9ec000 	C:\WINDOWS\System32\powrprof.dll
0x00007ffdca9f0000 - 0x00007ffdcaa05000 	C:\WINDOWS\System32\profapi.dll
0x00007ffdb2760000 - 0x00007ffdb277a000 	C:\Program Files\Android\Android Studio\jre\jre\bin\net.dll
0x00007ffdca270000 - 0x00007ffdca2cc000 	C:\WINDOWS\system32\mswsock.dll
0x00007ffdb2110000 - 0x00007ffdb2121000 	C:\Program Files\Android\Android Studio\jre\jre\bin\nio.dll
0x00007ffdbfd80000 - 0x00007ffdbfd9e000 	C:\Users\pola alper\.gradle\native\25\windows-amd64\native-platform.dll
0x00007ffdc1fc0000 - 0x00007ffdc1fcd000 	C:\Program Files\Android\Android Studio\jre\jre\bin\management.dll
0x00007ffdca420000 - 0x00007ffdca437000 	C:\WINDOWS\SYSTEM32\CRYPTSP.dll
0x00007ffdc9e30000 - 0x00007ffdc9e64000 	C:\WINDOWS\system32\rsaenh.dll
0x00007ffdca520000 - 0x00007ffdca545000 	C:\WINDOWS\SYSTEM32\bcrypt.dll
0x00007ffdca890000 - 0x00007ffdca8b9000 	C:\WINDOWS\SYSTEM32\USERENV.dll
0x00007ffdca410000 - 0x00007ffdca41b000 	C:\WINDOWS\SYSTEM32\CRYPTBASE.dll
0x00007ffdca010000 - 0x00007ffdca047000 	C:\WINDOWS\SYSTEM32\IPHLPAPI.DLL
0x00007ffdce200000 - 0x00007ffdce208000 	C:\WINDOWS\System32\NSI.dll
0x00007ffdc5870000 - 0x00007ffdc5886000 	C:\WINDOWS\SYSTEM32\dhcpcsvc6.DLL
0x00007ffdc5820000 - 0x00007ffdc583a000 	C:\WINDOWS\SYSTEM32\dhcpcsvc.DLL

VM Arguments:
jvm_args: -Xmx1536m -Dfile.encoding=windows-1252 -Duser.country=US -Duser.language=en -Duser.variant 
java_command: org.gradle.launcher.daemon.bootstrap.GradleDaemon 4.1
java_class_path (initial): C:\Users\pola alper\.gradle\wrapper\dists\gradle-4.1-all\bzyivzo6n839fup2jbap0tjew\gradle-4.1\lib\gradle-launcher-4.1.jar
Launcher Type: SUN_STANDARD

Environment Variables:
PATH=C:\Program Files (x86)\Java\jre1.5.0_06\bin;C:\Program Files (x86)\Brackets\command;C:\Program Files (x86)\Skype\Phone\;C:\Program Files (x86)\NVIDIA Corporation\PhysX\Common;C:\WINDOWS\system32;C:\WINDOWS;C:\WINDOWS\System32\Wbem;C:\WINDOWS\System32\WindowsPowerShell\v1.0\;C:\Users\pola alper\AppData\Local\Microsoft\WindowsApps
USERNAME=pola alper
OS=Windows_NT
PROCESSOR_IDENTIFIER=Intel64 Family 6 Model 60 Stepping 3, GenuineIntel



---------------  S Y S T E M  ---------------

OS: Windows 10.0 , 64 bit Build 15063 (10.0.15063.296)

CPU:total 8 (initial active 8) (4 cores per cpu, 2 threads per core) family 6 model 60 stepping 3, cmov, cx8, fxsr, mmx, sse, sse2, sse3, ssse3, sse4.1, sse4.2, popcnt, avx, avx2, aes, clmul, erms, lzcnt, ht, tsc, tscinvbit, bmi1, bmi2

Memory: 4k page, physical 8302956k(570488k free), swap 13270324k(5688k free)

vm_info: OpenJDK 64-Bit Server VM (25.152-b01) for windows-amd64 JRE (1.8.0_152-release-915-b01), built by "builder" with MS VC++ 10.0 (VS2010)

time: Fri Nov 17 18:33:35 2017
elapsed time: 6 seconds (0d 0h 0m 6s)

