#
# There is insufficient memory for the Java Runtime Environment to continue.
# Native memory allocation (malloc) failed to allocate 32744 bytes for ChunkPool::allocate
# Possible reasons:
#   The system is out of physical RAM or swap space
#   In 32 bit mode, the process size limit was hit
# Possible solutions:
#   Reduce memory load on the system
#   Increase physical memory or swap space
#   Check if swap backing store is full
#   Use 64 bit Java on a 64 bit OS
#   Decrease Java heap size (-Xmx/-Xms)
#   Decrease number of Java threads
#   Decrease Java thread stack sizes (-Xss)
#   Set larger code cache with -XX:ReservedCodeCacheSize=
# This output file may be truncated or incomplete.
#
#  Out of Memory Error (allocation.cpp:273), pid=17516, tid=0x0000000000004120
#
# JRE version: OpenJDK Runtime Environment (8.0_152-b01) (build 1.8.0_152-release-915-b01)
# Java VM: OpenJDK 64-Bit Server VM (25.152-b01 mixed mode windows-amd64 compressed oops)
# Failed to write core dump. Minidumps are not enabled by default on client versions of Windows
#

---------------  T H R E A D  ---------------

Current thread (0x0000000018fad000):  JavaThread "C2 CompilerThread0" daemon [_thread_in_native, id=16672, stack(0x0000000019770000,0x0000000019870000)]

Stack: [0x0000000019770000,0x0000000019870000]
[error occurred during error reporting (printing stack bounds), id 0xc0000005]

Native frames: (J=compiled Java code, j=interpreted, Vv=VM code, C=native code)


Current CompileTask:
C2:   1776 1536   !   4       sun.net.www.ParseUtil::decode (316 bytes)


---------------  P R O C E S S  ---------------

Java Threads: ( => current thread )
  0x000000001b3da800 JavaThread "Cache worker for file hash cache (E:\all my projects\KadenD\HomeWork\.gradle\4.1\fileHashes)" [_thread_blocked, id=18408, stack(0x000000001da80000,0x000000001db80000)]
  0x000000001b5b4000 JavaThread "File lock request listener" [_thread_in_native, id=11876, stack(0x000000001d780000,0x000000001d880000)]
  0x000000001b3fc800 JavaThread "Cache worker for file hash cache (C:\Users\pola alper\.gradle\caches\4.1\fileHashes)" [_thread_blocked, id=1212, stack(0x000000001d680000,0x000000001d780000)]
  0x000000001aa3d000 JavaThread "Stdin handler" [_thread_blocked, id=11736, stack(0x000000001d480000,0x000000001d580000)]
  0x000000001aa44000 JavaThread "Asynchronous log dispatcher for DefaultDaemonConnection: socket connection from /127.0.0.1:51153 to /127.0.0.1:51154" [_thread_blocked, id=16804, stack(0x000000001d380000,0x000000001d480000)]
  0x000000001aa12800 JavaThread "Daemon worker" [_thread_in_Java, id=17396, stack(0x000000001d280000,0x000000001d380000)]
  0x000000001aa11800 JavaThread "Cancel handler" [_thread_blocked, id=7284, stack(0x000000001d180000,0x000000001d280000)]
  0x000000001a656000 JavaThread "Handler for socket connection from /127.0.0.1:51153 to /127.0.0.1:51154" [_thread_in_native, id=10536, stack(0x000000001ce80000,0x000000001cf80000)]
  0x000000001a655800 JavaThread "Daemon" [_thread_blocked, id=6816, stack(0x000000001cd80000,0x000000001ce80000)]
  0x000000001b2e4000 JavaThread "Daemon periodic checks" [_thread_blocked, id=14608, stack(0x000000001cc80000,0x000000001cd80000)]
  0x000000001b411000 JavaThread "Incoming local TCP Connector on port 51153" [_thread_in_native, id=12240, stack(0x000000001ca50000,0x000000001cb50000)]
  0x0000000019036800 JavaThread "Service Thread" daemon [_thread_blocked, id=17712, stack(0x0000000019b70000,0x0000000019c70000)]
  0x000000001708c000 JavaThread "C1 CompilerThread3" daemon [_thread_blocked, id=11688, stack(0x0000000019a70000,0x0000000019b70000)]
  0x0000000018fb4000 JavaThread "C2 CompilerThread2" daemon [_thread_in_native, id=12868, stack(0x0000000019970000,0x0000000019a70000)]
  0x0000000018fb0000 JavaThread "C2 CompilerThread1" daemon [_thread_in_native, id=3680, stack(0x0000000019870000,0x0000000019970000)]
=>0x0000000018fad000 JavaThread "C2 CompilerThread0" daemon [_thread_in_native, id=16672, stack(0x0000000019770000,0x0000000019870000)]
  0x0000000018fa9800 JavaThread "Attach Listener" daemon [_thread_blocked, id=17736, stack(0x0000000019670000,0x0000000019770000)]
  0x0000000018fa8800 JavaThread "Signal Dispatcher" daemon [_thread_blocked, id=5884, stack(0x0000000019570000,0x0000000019670000)]
  0x00000000032bd800 JavaThread "Finalizer" daemon [_thread_blocked, id=8276, stack(0x0000000019380000,0x0000000019480000)]
  0x000000001707b800 JavaThread "Reference Handler" daemon [_thread_blocked, id=15096, stack(0x0000000018e80000,0x0000000018f80000)]
  0x00000000031bd800 JavaThread "main" [_thread_blocked, id=13220, stack(0x0000000003030000,0x0000000003130000)]

Other Threads:
  0x0000000017075800 VMThread [stack: 0x0000000018d80000,0x0000000018e80000] [id=17204]
  0x0000000019037000 WatcherThread [stack: 0x0000000019c70000,0x0000000019d70000] [id=1972]

VM state:not at safepoint (normal execution)

VM Mutex/Monitor currently owned by a thread: None

Heap:
 PSYoungGen      total 38400K, used 18527K [0x00000000e0000000, 0x00000000e2a80000, 0x0000000100000000)
  eden space 33280K, 40% used [0x00000000e0000000,0x00000000e0d1c568,0x00000000e2080000)
  from space 5120K, 99% used [0x00000000e2080000,0x00000000e257b828,0x00000000e2580000)
  to   space 5120K, 0% used [0x00000000e2580000,0x00000000e2580000,0x00000000e2a80000)
 ParOldGen       total 87552K, used 3682K [0x00000000a0000000, 0x00000000a5580000, 0x00000000e0000000)
  object space 87552K, 4% used [0x00000000a0000000,0x00000000a0398b60,0x00000000a5580000)
 Metaspace       used 16992K, capacity 17426K, committed 17792K, reserved 1064960K
  class space    used 2435K, capacity 2617K, committed 2688K, reserved 1048576K

Card table byte_map: [0x0000000012680000,0x0000000012990000] byte_map_base: 0x0000000012180000

Marking Bits: (ParMarkBitMap*) 0x000000005b4e3950
 Begin Bits: [0x0000000013390000, 0x0000000014b90000)
 End Bits:   [0x0000000014b90000, 0x0000000016390000)

Polling page: 0x0000000001800000

CodeCache: size=245760Kb used=5219Kb max_used=5219Kb free=240540Kb
 bounds [0x00000000032c0000, 0x00000000037e0000, 0x00000000122c0000]
 total_blobs=1932 nmethods=1554 adapters=291
 compilation: enabled

Compilation events (10 events):
Event: 1.755 Thread 0x000000001708c000 1556       3       org.gradle.initialization.MixInLegacyTypesClassLoader::shouldTransform (42 bytes)
Event: 1.756 Thread 0x000000001708c000 nmethod 1556 0x00000000037d8a10 code [0x00000000037d8ba0, 0x00000000037d8ff8]
Event: 1.761 Thread 0x000000001708c000 1557       1       sun.reflect.generics.repository.AbstractRepository::getFactory (5 bytes)
Event: 1.761 Thread 0x000000001708c000 nmethod 1557 0x00000000037d9190 code [0x00000000037d92e0, 0x00000000037d93f0]
Event: 1.761 Thread 0x000000001708c000 1558       3       org.gradle.internal.service.DefaultServiceRegistry$OwnServices::add (109 bytes)
Event: 1.762 Thread 0x000000001708c000 nmethod 1558 0x00000000037d9450 code [0x00000000037d9720, 0x00000000037dad48]
Event: 1.762 Thread 0x000000001708c000 1559       3       org.gradle.internal.service.DefaultServiceRegistry::access$1000 (5 bytes)
Event: 1.763 Thread 0x000000001708c000 nmethod 1559 0x00000000037db7d0 code [0x00000000037db940, 0x00000000037dbaa8]
Event: 1.770 Thread 0x000000001708c000 1560       3       java.lang.Package::<init> (56 bytes)
Event: 1.770 Thread 0x000000001708c000 nmethod 1560 0x00000000037dbb50 code [0x00000000037dbca0, 0x00000000037dbf10]

GC Heap History (6 events):
Event: 0.461 GC heap before
{Heap before GC invocations=1 (full 0):
 PSYoungGen      total 38400K, used 33280K [0x00000000e0000000, 0x00000000e2a80000, 0x0000000100000000)
  eden space 33280K, 100% used [0x00000000e0000000,0x00000000e2080000,0x00000000e2080000)
  from space 5120K, 0% used [0x00000000e2580000,0x00000000e2580000,0x00000000e2a80000)
  to   space 5120K, 0% used [0x00000000e2080000,0x00000000e2080000,0x00000000e2580000)
 ParOldGen       total 87552K, used 0K [0x00000000a0000000, 0x00000000a5580000, 0x00000000e0000000)
  object space 87552K, 0% used [0x00000000a0000000,0x00000000a0000000,0x00000000a5580000)
 Metaspace       used 6597K, capacity 6766K, committed 7040K, reserved 1056768K
  class space    used 799K, capacity 875K, committed 896K, reserved 1048576K
Event: 0.465 GC heap after
Heap after GC invocations=1 (full 0):
 PSYoungGen      total 38400K, used 4075K [0x00000000e0000000, 0x00000000e2a80000, 0x0000000100000000)
  eden space 33280K, 0% used [0x00000000e0000000,0x00000000e0000000,0x00000000e2080000)
  from space 5120K, 79% used [0x00000000e2080000,0x00000000e247ac18,0x00000000e2580000)
  to   space 5120K, 0% used [0x00000000e2580000,0x00000000e2580000,0x00000000e2a80000)
 ParOldGen       total 87552K, used 8K [0x00000000a0000000, 0x00000000a5580000, 0x00000000e0000000)
  object space 87552K, 0% used [0x00000000a0000000,0x00000000a0002000,0x00000000a5580000)
 Metaspace       used 6597K, capacity 6766K, committed 7040K, reserved 1056768K
  class space    used 799K, capacity 875K, committed 896K, reserved 1048576K
}
Event: 1.339 GC heap before
{Heap before GC invocations=2 (full 0):
 PSYoungGen      total 38400K, used 37355K [0x00000000e0000000, 0x00000000e2a80000, 0x0000000100000000)
  eden space 33280K, 100% used [0x00000000e0000000,0x00000000e2080000,0x00000000e2080000)
  from space 5120K, 79% used [0x00000000e2080000,0x00000000e247ac18,0x00000000e2580000)
  to   space 5120K, 0% used [0x00000000e2580000,0x00000000e2580000,0x00000000e2a80000)
 ParOldGen       total 87552K, used 8K [0x00000000a0000000, 0x00000000a5580000, 0x00000000e0000000)
  object space 87552K, 0% used [0x00000000a0000000,0x00000000a0002000,0x00000000a5580000)
 Metaspace       used 12137K, capacity 12544K, committed 12800K, reserved 1060864K
  class space    used 1619K, capacity 1766K, committed 1792K, reserved 1048576K
Event: 1.344 GC heap after
Heap after GC invocations=2 (full 0):
 PSYoungGen      total 38400K, used 5097K [0x00000000e0000000, 0x00000000e2a80000, 0x0000000100000000)
  eden space 33280K, 0% used [0x00000000e0000000,0x00000000e0000000,0x00000000e2080000)
  from space 5120K, 99% used [0x00000000e2580000,0x00000000e2a7a778,0x00000000e2a80000)
  to   space 5120K, 0% used [0x00000000e2080000,0x00000000e2080000,0x00000000e2580000)
 ParOldGen       total 87552K, used 822K [0x00000000a0000000, 0x00000000a5580000, 0x00000000e0000000)
  object space 87552K, 0% used [0x00000000a0000000,0x00000000a00cd890,0x00000000a5580000)
 Metaspace       used 12137K, capacity 12544K, committed 12800K, reserved 1060864K
  class space    used 1619K, capacity 1766K, committed 1792K, reserved 1048576K
}
Event: 1.604 GC heap before
{Heap before GC invocations=3 (full 0):
 PSYoungGen      total 38400K, used 38377K [0x00000000e0000000, 0x00000000e2a80000, 0x0000000100000000)
  eden space 33280K, 100% used [0x00000000e0000000,0x00000000e2080000,0x00000000e2080000)
  from space 5120K, 99% used [0x00000000e2580000,0x00000000e2a7a778,0x00000000e2a80000)
  to   space 5120K, 0% used [0x00000000e2080000,0x00000000e2080000,0x00000000e2580000)
 ParOldGen       total 87552K, used 822K [0x00000000a0000000, 0x00000000a5580000, 0x00000000e0000000)
  object space 87552K, 0% used [0x00000000a0000000,0x00000000a00cd890,0x00000000a5580000)
 Metaspace       used 15449K, capacity 15748K, committed 15872K, reserved 1062912K
  class space    used 2183K, capacity 2280K, committed 2304K, reserved 1048576K
Event: 1.610 GC heap after
Heap after GC invocations=3 (full 0):
 PSYoungGen      total 38400K, used 5102K [0x00000000e0000000, 0x00000000e2a80000, 0x0000000100000000)
  eden space 33280K, 0% used [0x00000000e0000000,0x00000000e0000000,0x00000000e2080000)
  from space 5120K, 99% used [0x00000000e2080000,0x00000000e257b828,0x00000000e2580000)
  to   space 5120K, 0% used [0x00000000e2580000,0x00000000e2580000,0x00000000e2a80000)
 ParOldGen       total 87552K, used 3682K [0x00000000a0000000, 0x00000000a5580000, 0x00000000e0000000)
  object space 87552K, 4% used [0x00000000a0000000,0x00000000a0398b60,0x00000000a5580000)
 Metaspace       used 15449K, capacity 15748K, committed 15872K, reserved 1062912K
  class space    used 2183K, capacity 2280K, committed 2304K, reserved 1048576K
}

Deoptimization events (10 events):
Event: 0.857 Thread 0x00000000031bd800 Uncommon trap: reason=unstable_if action=reinterpret pc=0x00000000035cb558 method=java.io.WinNTFileSystem.normalize(Ljava/lang/String;II)Ljava/lang/String; @ 90
Event: 1.318 Thread 0x000000001aa12800 Uncommon trap: reason=bimorphic action=maybe_recompile pc=0x00000000035d6114 method=java.util.HashMap.putVal(ILjava/lang/Object;Ljava/lang/Object;ZZ)Ljava/lang/Object; @ 253
Event: 1.318 Thread 0x000000001aa12800 Uncommon trap: reason=bimorphic action=maybe_recompile pc=0x00000000035d6114 method=java.util.HashMap.putVal(ILjava/lang/Object;Ljava/lang/Object;ZZ)Ljava/lang/Object; @ 253
Event: 1.457 Thread 0x000000001aa12800 Uncommon trap: reason=class_check action=maybe_recompile pc=0x000000000352abdc method=java.util.regex.Matcher.match(II)Z @ 86
Event: 1.458 Thread 0x000000001aa12800 Uncommon trap: reason=class_check action=maybe_recompile pc=0x000000000352abdc method=java.util.regex.Matcher.match(II)Z @ 86
Event: 1.494 Thread 0x000000001aa12800 Uncommon trap: reason=unstable_if action=reinterpret pc=0x0000000003713a74 method=java.lang.String.lastIndexOf([CII[CIII)I @ 66
Event: 1.715 Thread 0x000000001aa12800 Uncommon trap: reason=bimorphic action=maybe_recompile pc=0x0000000003726bd8 method=java.lang.ClassLoader.loadClass(Ljava/lang/String;Z)Ljava/lang/Class; @ 38
Event: 1.717 Thread 0x000000001aa12800 Uncommon trap: reason=bimorphic action=maybe_recompile pc=0x0000000003726bd8 method=java.lang.ClassLoader.loadClass(Ljava/lang/String;Z)Ljava/lang/Class; @ 38
Event: 1.717 Thread 0x000000001aa12800 Uncommon trap: reason=bimorphic action=maybe_recompile pc=0x0000000003726bd8 method=java.lang.ClassLoader.loadClass(Ljava/lang/String;Z)Ljava/lang/Class; @ 38
Event: 1.717 Thread 0x000000001aa12800 Uncommon trap: reason=bimorphic action=maybe_recompile pc=0x0000000003726bd8 method=java.lang.ClassLoader.loadClass(Ljava/lang/String;Z)Ljava/lang/Class; @ 38

Classes redefined (0 events):
No events

Internal exceptions (10 events):
Event: 1.725 Thread 0x000000001aa12800 Exception <a 'java/lang/NoSuchMethodError': <clinit>> (0x00000000e091f6b0) thrown at [D:\src\AOSP-openjdk-cygwin\jdk8u\hotspot\src\share\vm\prims\jni.cpp, line 1613]
Event: 1.728 Thread 0x000000001aa12800 Exception <a 'java/lang/NoSuchMethodError': <clinit>> (0x00000000e0931aa8) thrown at [D:\src\AOSP-openjdk-cygwin\jdk8u\hotspot\src\share\vm\prims\jni.cpp, line 1613]
Event: 1.733 Thread 0x000000001aa12800 Exception <a 'java/lang/NoSuchMethodError': <clinit>> (0x00000000e0963598) thrown at [D:\src\AOSP-openjdk-cygwin\jdk8u\hotspot\src\share\vm\prims\jni.cpp, line 1613]
Event: 1.734 Thread 0x000000001aa12800 Exception <a 'java/lang/NoSuchMethodError': <clinit>> (0x00000000e096c718) thrown at [D:\src\AOSP-openjdk-cygwin\jdk8u\hotspot\src\share\vm\prims\jni.cpp, line 1613]
Event: 1.735 Thread 0x000000001aa12800 Exception <a 'java/lang/NoSuchMethodError': <clinit>> (0x00000000e0979468) thrown at [D:\src\AOSP-openjdk-cygwin\jdk8u\hotspot\src\share\vm\prims\jni.cpp, line 1613]
Event: 1.736 Thread 0x000000001aa12800 Exception <a 'java/lang/NoSuchMethodError': <clinit>> (0x00000000e098d8b0) thrown at [D:\src\AOSP-openjdk-cygwin\jdk8u\hotspot\src\share\vm\prims\jni.cpp, line 1613]
Event: 1.737 Thread 0x000000001aa12800 Exception <a 'java/lang/NoSuchMethodError': <clinit>> (0x00000000e099a050) thrown at [D:\src\AOSP-openjdk-cygwin\jdk8u\hotspot\src\share\vm\prims\jni.cpp, line 1613]
Event: 1.742 Thread 0x000000001aa12800 Exception <a 'java/lang/NoSuchMethodError': <clinit>> (0x00000000e09eded0) thrown at [D:\src\AOSP-openjdk-cygwin\jdk8u\hotspot\src\share\vm\prims\jni.cpp, line 1613]
Event: 1.742 Thread 0x000000001aa12800 Exception <a 'java/lang/NoSuchMethodError': <clinit>> (0x00000000e09f1b90) thrown at [D:\src\AOSP-openjdk-cygwin\jdk8u\hotspot\src\share\vm\prims\jni.cpp, line 1613]
Event: 1.743 Thread 0x000000001aa12800 Exception <a 'java/lang/NoSuchMethodError': <clinit>> (0x00000000e09f3698) thrown at [D:\src\AOSP-openjdk-cygwin\jdk8u\hotspot\src\share\vm\prims\jni.cpp, line 1613]

Events (10 events):
Event: 1.773 loading class org/gradle/api/internal/initialization/ClassLoaderIds$DefaultClassLoaderId
Event: 1.773 loading class org/gradle/api/internal/initialization/ClassLoaderIds$DefaultClassLoaderId done
Event: 1.773 loading class org/gradle/groovy/scripts/internal/ScriptCacheKey
Event: 1.773 loading class org/gradle/groovy/scripts/internal/ScriptCacheKey done
Event: 1.774 loading class org/gradle/internal/hash/HashUtil
Event: 1.774 loading class org/gradle/internal/hash/HashUtil done
Event: 1.774 loading class org/gradle/internal/hash/HashValue
Event: 1.774 loading class org/gradle/internal/hash/HashValue done
Event: 1.775 loading class java/math/MutableBigInteger
Event: 1.775 loading class java/math/MutableBigInteger done


Dynamic libraries:
0x00007ff7360b0000 - 0x00007ff7360e1000 	C:\Program Files\Android\Android Studio\jre\bin\java.exe
0x00007ffdce4f0000 - 0x00007ffdce6cb000 	C:\WINDOWS\SYSTEM32\ntdll.dll
0x00007ffdcdb00000 - 0x00007ffdcdbae000 	C:\WINDOWS\System32\KERNEL32.DLL
0x00007ffdcaca0000 - 0x00007ffdcaee9000 	C:\WINDOWS\System32\KERNELBASE.dll
0x00007ffdc9100000 - 0x00007ffdc917e000 	C:\WINDOWS\SYSTEM32\apphelp.dll
0x00007ffdcda50000 - 0x00007ffdcdaf1000 	C:\WINDOWS\System32\ADVAPI32.dll
0x00007ffdcd8f0000 - 0x00007ffdcd98d000 	C:\WINDOWS\System32\msvcrt.dll
0x00007ffdce020000 - 0x00007ffdce079000 	C:\WINDOWS\System32\sechost.dll
0x00007ffdce3c0000 - 0x00007ffdce4e5000 	C:\WINDOWS\System32\RPCRT4.dll
0x00007ffdce210000 - 0x00007ffdce35a000 	C:\WINDOWS\System32\USER32.dll
0x00007ffdcb8d0000 - 0x00007ffdcb8ee000 	C:\WINDOWS\System32\win32u.dll
0x00007ffdcd9a0000 - 0x00007ffdcd9c7000 	C:\WINDOWS\System32\GDI32.dll
0x00007ffdcab10000 - 0x00007ffdcac97000 	C:\WINDOWS\System32\gdi32full.dll
0x00007ffdcb8f0000 - 0x00007ffdcb98a000 	C:\WINDOWS\System32\msvcp_win.dll
0x00007ffdcaa10000 - 0x00007ffdcab06000 	C:\WINDOWS\System32\ucrtbase.dll
0x00007ffdbc870000 - 0x00007ffdbcad7000 	C:\WINDOWS\WinSxS\amd64_microsoft.windows.common-controls_6595b64144ccf1df_6.0.15063.483_none_26002d27e7c744a2\COMCTL32.dll
0x00007ffdcdbb0000 - 0x00007ffdcdea9000 	C:\WINDOWS\System32\combase.dll
0x00007ffdcb990000 - 0x00007ffdcb9fa000 	C:\WINDOWS\System32\bcryptPrimitives.dll
0x00007ffdce080000 - 0x00007ffdce0ad000 	C:\WINDOWS\System32\IMM32.DLL
0x000000005cdf0000 - 0x000000005cec2000 	C:\Program Files\Android\Android Studio\jre\jre\bin\msvcr100.dll
0x000000005ad20000 - 0x000000005b55e000 	C:\Program Files\Android\Android Studio\jre\jre\bin\server\jvm.dll
0x00007ffdcd8e0000 - 0x00007ffdcd8e8000 	C:\WINDOWS\System32\PSAPI.DLL
0x00007ffdc6130000 - 0x00007ffdc6139000 	C:\WINDOWS\SYSTEM32\WSOCK32.dll
0x00007ffdc7350000 - 0x00007ffdc735a000 	C:\WINDOWS\SYSTEM32\VERSION.dll
0x00007ffdc7360000 - 0x00007ffdc7383000 	C:\WINDOWS\SYSTEM32\WINMM.dll
0x00007ffdcba50000 - 0x00007ffdcbabc000 	C:\WINDOWS\System32\WS2_32.dll
0x00007ffdc7320000 - 0x00007ffdc734b000 	C:\WINDOWS\SYSTEM32\WINMMBASE.dll
0x00007ffdcba00000 - 0x00007ffdcba49000 	C:\WINDOWS\System32\cfgmgr32.dll
0x00007ffdc2ba0000 - 0x00007ffdc2baf000 	C:\Program Files\Android\Android Studio\jre\jre\bin\verify.dll
0x00007ffdb25e0000 - 0x00007ffdb2609000 	C:\Program Files\Android\Android Studio\jre\jre\bin\java.dll
0x00007ffdb5350000 - 0x00007ffdb5366000 	C:\Program Files\Android\Android Studio\jre\jre\bin\zip.dll
0x00007ffdcbf80000 - 0x00007ffdcd3b6000 	C:\WINDOWS\System32\SHELL32.dll
0x00007ffdcd720000 - 0x00007ffdcd7ca000 	C:\WINDOWS\System32\shcore.dll
0x00007ffdcaf50000 - 0x00007ffdcb641000 	C:\WINDOWS\System32\windows.storage.dll
0x00007ffdcbf20000 - 0x00007ffdcbf71000 	C:\WINDOWS\System32\shlwapi.dll
0x00007ffdca960000 - 0x00007ffdca971000 	C:\WINDOWS\System32\kernel.appcore.dll
0x00007ffdca9a0000 - 0x00007ffdca9ec000 	C:\WINDOWS\System32\powrprof.dll
0x00007ffdca9f0000 - 0x00007ffdcaa05000 	C:\WINDOWS\System32\profapi.dll
0x00007ffdb2760000 - 0x00007ffdb277a000 	C:\Program Files\Android\Android Studio\jre\jre\bin\net.dll
0x00007ffdca270000 - 0x00007ffdca2cc000 	C:\WINDOWS\system32\mswsock.dll
0x00007ffdb2110000 - 0x00007ffdb2121000 	C:\Program Files\Android\Android Studio\jre\jre\bin\nio.dll
0x00007ffdbfd80000 - 0x00007ffdbfd9e000 	C:\Users\pola alper\.gradle\native\25\windows-amd64\native-platform.dll
0x00007ffdc1fc0000 - 0x00007ffdc1fcd000 	C:\Program Files\Android\Android Studio\jre\jre\bin\management.dll
0x00007ffdca420000 - 0x00007ffdca437000 	C:\WINDOWS\SYSTEM32\CRYPTSP.dll
0x00007ffdc9e30000 - 0x00007ffdc9e64000 	C:\WINDOWS\system32\rsaenh.dll
0x00007ffdca520000 - 0x00007ffdca545000 	C:\WINDOWS\SYSTEM32\bcrypt.dll
0x00007ffdca890000 - 0x00007ffdca8b9000 	C:\WINDOWS\SYSTEM32\USERENV.dll
0x00007ffdca410000 - 0x00007ffdca41b000 	C:\WINDOWS\SYSTEM32\CRYPTBASE.dll
0x00007ffdca010000 - 0x00007ffdca047000 	C:\WINDOWS\SYSTEM32\IPHLPAPI.DLL
0x00007ffdce200000 - 0x00007ffdce208000 	C:\WINDOWS\System32\NSI.dll
0x00007ffdc5870000 - 0x00007ffdc5886000 	C:\WINDOWS\SYSTEM32\dhcpcsvc6.DLL
0x00007ffdc5820000 - 0x00007ffdc583a000 	C:\WINDOWS\SYSTEM32\dhcpcsvc.DLL

VM Arguments:
jvm_args: -Xmx1536m -Dfile.encoding=windows-1252 -Duser.country=US -Duser.language=en -Duser.variant 
java_command: org.gradle.launcher.daemon.bootstrap.GradleDaemon 4.1
java_class_path (initial): C:\Users\pola alper\.gradle\wrapper\dists\gradle-4.1-all\bzyivzo6n839fup2jbap0tjew\gradle-4.1\lib\gradle-launcher-4.1.jar
Launcher Type: SUN_STANDARD

Environment Variables:
PATH=C:\Program Files (x86)\Java\jre1.5.0_06\bin;C:\Program Files (x86)\Brackets\command;C:\Program Files (x86)\Skype\Phone\;C:\Program Files (x86)\NVIDIA Corporation\PhysX\Common;C:\WINDOWS\system32;C:\WINDOWS;C:\WINDOWS\System32\Wbem;C:\WINDOWS\System32\WindowsPowerShell\v1.0\;C:\Users\pola alper\AppData\Local\Microsoft\WindowsApps
USERNAME=pola alper
OS=Windows_NT
PROCESSOR_IDENTIFIER=Intel64 Family 6 Model 60 Stepping 3, GenuineIntel



---------------  S Y S T E M  ---------------

OS: Windows 10.0 , 64 bit Build 15063 (10.0.15063.296)

CPU:total 8 (initial active 8) (4 cores per cpu, 2 threads per core) family 6 model 60 stepping 3, cmov, cx8, fxsr, mmx, sse, sse2, sse3, ssse3, sse4.1, sse4.2, popcnt, avx, avx2, aes, clmul, erms, lzcnt, ht, tsc, tscinvbit, bmi1, bmi2

Memory: 4k page, physical 8302956k(682756k free), swap 13270324k(1936k free)

vm_info: OpenJDK 64-Bit Server VM (25.152-b01) for windows-amd64 JRE (1.8.0_152-release-915-b01), built by "builder" with MS VC++ 10.0 (VS2010)

time: Fri Nov 17 18:38:57 2017
elapsed time: 1 seconds (0d 0h 0m 1s)

