#
# There is insufficient memory for the Java Runtime Environment to continue.
# Native memory allocation (malloc) failed to allocate 2245616 bytes for Chunk::new
# Possible reasons:
#   The system is out of physical RAM or swap space
#   In 32 bit mode, the process size limit was hit
# Possible solutions:
#   Reduce memory load on the system
#   Increase physical memory or swap space
#   Check if swap backing store is full
#   Use 64 bit Java on a 64 bit OS
#   Decrease Java heap size (-Xmx/-Xms)
#   Decrease number of Java threads
#   Decrease Java thread stack sizes (-Xss)
#   Set larger code cache with -XX:ReservedCodeCacheSize=
# This output file may be truncated or incomplete.
#
#  Out of Memory Error (allocation.cpp:390), pid=14604, tid=0x000000000000016c
#
# JRE version: OpenJDK Runtime Environment (8.0_152-b01) (build 1.8.0_152-release-915-b01)
# Java VM: OpenJDK 64-Bit Server VM (25.152-b01 mixed mode windows-amd64 compressed oops)
# Failed to write core dump. Minidumps are not enabled by default on client versions of Windows
#

---------------  T H R E A D  ---------------

Current thread (0x000000001829d000):  JavaThread "C2 CompilerThread0" daemon [_thread_in_native, id=364, stack(0x0000000018a60000,0x0000000018b60000)]

Stack: [0x0000000018a60000,0x0000000018b60000]
[error occurred during error reporting (printing stack bounds), id 0xc0000005]

Native frames: (J=compiled Java code, j=interpreted, Vv=VM code, C=native code)


Current CompileTask:
C2:   9386 7389       4       java.net.URLClassLoader$1::run (5 bytes)


---------------  P R O C E S S  ---------------

Java Threads: ( => current thread )
  0x000000001efb2000 JavaThread "ForkJoinPool.commonPool-worker-0" daemon [_thread_in_Java, id=14812, stack(0x0000000025070000,0x0000000025170000)]
  0x000000001efb4800 JavaThread "ForkJoinPool.commonPool-worker-7" daemon [_thread_in_Java, id=8936, stack(0x0000000024e70000,0x0000000024f70000)]
  0x000000001efb5000 JavaThread "ForkJoinPool.commonPool-worker-6" daemon [_thread_in_native, id=1216, stack(0x0000000024d70000,0x0000000024e70000)]
  0x000000001efb1800 JavaThread "ForkJoinPool.commonPool-worker-5" daemon [_thread_in_Java, id=5216, stack(0x0000000024c70000,0x0000000024d70000)]
  0x000000001d6a2800 JavaThread "ForkJoinPool.commonPool-worker-4" daemon [_thread_in_Java, id=12384, stack(0x0000000024b70000,0x0000000024c70000)]
  0x000000001f993800 JavaThread "ForkJoinPool.commonPool-worker-3" daemon [_thread_in_Java, id=6928, stack(0x0000000024a70000,0x0000000024b70000)]
  0x000000001f99a800 JavaThread "ForkJoinPool.commonPool-worker-2" daemon [_thread_in_Java, id=8156, stack(0x0000000024970000,0x0000000024a70000)]
  0x000000001f990000 JavaThread "ForkJoinPool.commonPool-worker-1" daemon [_thread_in_Java, id=11052, stack(0x0000000024870000,0x0000000024970000)]
  0x000000001f994800 JavaThread "Task worker for ':' Thread 7" [_thread_blocked, id=13212, stack(0x00000000242c0000,0x00000000243c0000)]
  0x000000001f999800 JavaThread "Task worker for ':' Thread 6" [_thread_blocked, id=7308, stack(0x00000000241c0000,0x00000000242c0000)]
  0x000000001f995000 JavaThread "Task worker for ':' Thread 5" [_thread_blocked, id=18264, stack(0x00000000240c0000,0x00000000241c0000)]
  0x000000001f999000 JavaThread "Task worker for ':' Thread 4" [_thread_blocked, id=15912, stack(0x0000000023fc0000,0x00000000240c0000)]
  0x000000001f997800 JavaThread "Task worker for ':' Thread 3" [_thread_blocked, id=10176, stack(0x0000000023ec0000,0x0000000023fc0000)]
  0x000000001f998000 JavaThread "Task worker for ':' Thread 2" [_thread_blocked, id=7208, stack(0x0000000023dc0000,0x0000000023ec0000)]
  0x000000001f996800 JavaThread "Task worker for ':'" [_thread_blocked, id=4668, stack(0x0000000023cc0000,0x0000000023dc0000)]
  0x000000001f996000 JavaThread "Cache worker for task history cache (E:\all my projects\KadenD\HomeWork\.gradle\4.1\taskHistory)" [_thread_blocked, id=7436, stack(0x0000000023bc0000,0x0000000023cc0000)]
  0x000000001f98b800 JavaThread "Cache worker for file content cache (E:\all my projects\KadenD\HomeWork\.gradle\4.1\fileContent)" [_thread_blocked, id=13036, stack(0x0000000023ac0000,0x0000000023bc0000)]
  0x000000001f98f000 JavaThread "Memory manager" [_thread_blocked, id=16668, stack(0x0000000022bc0000,0x0000000022cc0000)]
  0x000000001f992000 JavaThread "pool-1-thread-1" [_thread_blocked, id=10796, stack(0x0000000022670000,0x0000000022770000)]
  0x000000001f98d800 JavaThread "build operations Thread 8" [_thread_blocked, id=8308, stack(0x0000000022570000,0x0000000022670000)]
  0x000000001f98d000 JavaThread "build operations Thread 7" [_thread_blocked, id=3152, stack(0x0000000022470000,0x0000000022570000)]
  0x000000001f991800 JavaThread "build operations Thread 6" [_thread_blocked, id=18344, stack(0x0000000022370000,0x0000000022470000)]
  0x000000001f98e800 JavaThread "build operations Thread 5" [_thread_blocked, id=16328, stack(0x0000000022060000,0x0000000022160000)]
  0x000000001f98c000 JavaThread "build operations Thread 4" [_thread_blocked, id=16636, stack(0x0000000021f60000,0x0000000022060000)]
  0x000000001d69e000 JavaThread "build operations Thread 3" [_thread_blocked, id=9356, stack(0x0000000021e60000,0x0000000021f60000)]
  0x000000001d69f800 JavaThread "build operations Thread 2" [_thread_blocked, id=13120, stack(0x0000000020470000,0x0000000020570000)]
  0x000000001d6a0000 JavaThread "build operations" [_thread_blocked, id=4784, stack(0x000000001f310000,0x000000001f410000)]
  0x000000001d69d000 JavaThread "Cache worker for Artifact transforms cache (C:\Users\pola alper\.gradle\caches\transforms-1)" [_thread_blocked, id=8068, stack(0x000000001f010000,0x000000001f110000)]
  0x000000001aa07800 JavaThread "Cache worker for file hash cache (E:\all my projects\KadenD\HomeWork\.gradle\4.1\fileHashes)" [_thread_blocked, id=13320, stack(0x000000001cd70000,0x000000001ce70000)]
  0x000000001a93d000 JavaThread "File lock request listener" [_thread_in_native, id=11568, stack(0x000000001ca70000,0x000000001cb70000)]
  0x000000001a930000 JavaThread "Cache worker for file hash cache (C:\Users\pola alper\.gradle\caches\4.1\fileHashes)" [_thread_blocked, id=8164, stack(0x000000001c970000,0x000000001ca70000)]
  0x000000001a11b000 JavaThread "Stdin handler" [_thread_blocked, id=2944, stack(0x000000001c770000,0x000000001c870000)]
  0x0000000019f18000 JavaThread "Asynchronous log dispatcher for DefaultDaemonConnection: socket connection from /127.0.0.1:49682 to /127.0.0.1:49683" [_thread_blocked, id=17496, stack(0x000000001c670000,0x000000001c770000)]
  0x000000001a119000 JavaThread "Daemon worker" [_thread_blocked, id=13176, stack(0x000000001c570000,0x000000001c670000)]
  0x000000001a118000 JavaThread "Cancel handler" [_thread_blocked, id=18288, stack(0x000000001c470000,0x000000001c570000)]
  0x000000001a326000 JavaThread "Handler for socket connection from /127.0.0.1:49682 to /127.0.0.1:49683" [_thread_in_native, id=12476, stack(0x000000001c170000,0x000000001c270000)]
  0x000000001a6c9800 JavaThread "Daemon" [_thread_blocked, id=15816, stack(0x000000001c070000,0x000000001c170000)]
  0x000000001a253000 JavaThread "Daemon periodic checks" [_thread_blocked, id=4392, stack(0x000000001bf70000,0x000000001c070000)]
  0x000000001a13e000 JavaThread "Incoming local TCP Connector on port 49682" [_thread_in_native, id=11072, stack(0x000000001bd40000,0x000000001be40000)]
  0x0000000018336800 JavaThread "Service Thread" daemon [_thread_blocked, id=7680, stack(0x0000000018e60000,0x0000000018f60000)]
  0x00000000163bd000 JavaThread "C1 CompilerThread3" daemon [_thread_in_native, id=8104, stack(0x0000000018d60000,0x0000000018e60000)]
  0x00000000182a4000 JavaThread "C2 CompilerThread2" daemon [_thread_in_native, id=18132, stack(0x0000000018c60000,0x0000000018d60000)]
  0x00000000182a0800 JavaThread "C2 CompilerThread1" daemon [_thread_in_native, id=8160, stack(0x0000000018b60000,0x0000000018c60000)]
=>0x000000001829d000 JavaThread "C2 CompilerThread0" daemon [_thread_in_native, id=364, stack(0x0000000018a60000,0x0000000018b60000)]
  0x0000000018299800 JavaThread "Attach Listener" daemon [_thread_blocked, id=284, stack(0x0000000018960000,0x0000000018a60000)]
  0x0000000018298800 JavaThread "Signal Dispatcher" daemon [_thread_blocked, id=10860, stack(0x0000000018860000,0x0000000018960000)]
  0x00000000025ed800 JavaThread "Finalizer" daemon [_thread_blocked, id=15932, stack(0x0000000018670000,0x0000000018770000)]
  0x00000000163ab800 JavaThread "Reference Handler" daemon [_thread_blocked, id=8428, stack(0x0000000018170000,0x0000000018270000)]
  0x000000000238d800 JavaThread "main" [_thread_blocked, id=9020, stack(0x00000000023f0000,0x00000000024f0000)]

Other Threads:
  0x00000000163a5800 VMThread [stack: 0x0000000018070000,0x0000000018170000] [id=400]
  0x0000000018337000 WatcherThread [stack: 0x0000000018f60000,0x0000000019060000] [id=14500]

VM state:not at safepoint (normal execution)

VM Mutex/Monitor currently owned by a thread: None

Heap:
 PSYoungGen      total 161792K, used 58113K [0x00000000e0000000, 0x00000000ec580000, 0x0000000100000000)
  eden space 146432K, 29% used [0x00000000e0000000,0x00000000e29c28a0,0x00000000e8f00000)
  from space 15360K, 99% used [0x00000000ea380000,0x00000000eb27dd30,0x00000000eb280000)
  to   space 20992K, 0% used [0x00000000e8f00000,0x00000000e8f00000,0x00000000ea380000)
 ParOldGen       total 108544K, used 30450K [0x00000000a0000000, 0x00000000a6a00000, 0x00000000e0000000)
  object space 108544K, 28% used [0x00000000a0000000,0x00000000a1dbca18,0x00000000a6a00000)
 Metaspace       used 56383K, capacity 58232K, committed 58456K, reserved 1099776K
  class space    used 7521K, capacity 7955K, committed 8064K, reserved 1048576K

Card table byte_map: [0x00000000119b0000,0x0000000011cc0000] byte_map_base: 0x00000000114b0000

Marking Bits: (ParMarkBitMap*) 0x000000005b4e3950
 Begin Bits: [0x00000000126c0000, 0x0000000013ec0000)
 End Bits:   [0x0000000013ec0000, 0x00000000156c0000)

Polling page: 0x0000000000b30000

CodeCache: size=245760Kb used=21894Kb max_used=21894Kb free=223865Kb
 bounds [0x00000000025f0000, 0x0000000003b70000, 0x00000000115f0000]
 total_blobs=7867 nmethods=7099 adapters=680
 compilation: enabled

Compilation events (10 events):
Event: 9.381 Thread 0x00000000163bd000 nmethod 8255 0x0000000003b61490 code [0x0000000003b61660, 0x0000000003b61b08]
Event: 9.381 Thread 0x00000000163bd000 8281       2       com.android.dx.rop.cst.CstString::<init> (42 bytes)
Event: 9.381 Thread 0x00000000163bd000 nmethod 8281 0x0000000003b61ed0 code [0x0000000003b62060, 0x0000000003b62378]
Event: 9.381 Thread 0x00000000163bd000 8256       2       com.android.dx.rop.type.Prototype::intern (43 bytes)
Event: 9.382 Thread 0x00000000163bd000 nmethod 8256 0x0000000003b62550 code [0x0000000003b626e0, 0x0000000003b629d8]
Event: 9.382 Thread 0x00000000163bd000 8252       2       com.android.dx.rop.cst.CstBaseMethodRef::getParameterWordCount (12 bytes)
Event: 9.382 Thread 0x00000000163bd000 nmethod 8252 0x0000000003b62b90 code [0x0000000003b62d20, 0x0000000003b62fa8]
Event: 9.382 Thread 0x00000000163bd000 7738       1       com.android.dx.cf.attrib.BaseLocalVariables::getLocalVariables (5 bytes)
Event: 9.382 Thread 0x00000000163bd000 nmethod 7738 0x0000000003b63210 code [0x0000000003b63360, 0x0000000003b63470]
Event: 9.382 Thread 0x00000000163bd000 8027       1       com.android.dx.rop.cst.CstArray::getList (5 bytes)

GC Heap History (10 events):
Event: 4.563 GC heap before
{Heap before GC invocations=8 (full 1):
 PSYoungGen      total 104448K, used 63355K [0x00000000e0000000, 0x00000000e7100000, 0x0000000100000000)
  eden space 94208K, 58% used [0x00000000e0000000,0x00000000e35e0448,0x00000000e5c00000)
  from space 10240K, 79% used [0x00000000e6700000,0x00000000e6efe8c0,0x00000000e7100000)
  to   space 10752K, 0% used [0x00000000e5c00000,0x00000000e5c00000,0x00000000e6680000)
 ParOldGen       total 67072K, used 11384K [0x00000000a0000000, 0x00000000a4180000, 0x00000000e0000000)
  object space 67072K, 16% used [0x00000000a0000000,0x00000000a0b1e0c8,0x00000000a4180000)
 Metaspace       used 34535K, capacity 35226K, committed 35416K, reserved 1079296K
  class space    used 4694K, capacity 4963K, committed 4992K, reserved 1048576K
Event: 4.572 GC heap after
Heap after GC invocations=8 (full 1):
 PSYoungGen      total 104960K, used 9675K [0x00000000e0000000, 0x00000000e9a00000, 0x0000000100000000)
  eden space 94208K, 0% used [0x00000000e0000000,0x00000000e0000000,0x00000000e5c00000)
  from space 10752K, 89% used [0x00000000e5c00000,0x00000000e6572c48,0x00000000e6680000)
  to   space 11776K, 0% used [0x00000000e8e80000,0x00000000e8e80000,0x00000000e9a00000)
 ParOldGen       total 67072K, used 11456K [0x00000000a0000000, 0x00000000a4180000, 0x00000000e0000000)
  object space 67072K, 17% used [0x00000000a0000000,0x00000000a0b300d8,0x00000000a4180000)
 Metaspace       used 34535K, capacity 35226K, committed 35416K, reserved 1079296K
  class space    used 4694K, capacity 4963K, committed 4992K, reserved 1048576K
}
Event: 4.572 GC heap before
{Heap before GC invocations=9 (full 2):
 PSYoungGen      total 104960K, used 9675K [0x00000000e0000000, 0x00000000e9a00000, 0x0000000100000000)
  eden space 94208K, 0% used [0x00000000e0000000,0x00000000e0000000,0x00000000e5c00000)
  from space 10752K, 89% used [0x00000000e5c00000,0x00000000e6572c48,0x00000000e6680000)
  to   space 11776K, 0% used [0x00000000e8e80000,0x00000000e8e80000,0x00000000e9a00000)
 ParOldGen       total 67072K, used 11456K [0x00000000a0000000, 0x00000000a4180000, 0x00000000e0000000)
  object space 67072K, 17% used [0x00000000a0000000,0x00000000a0b300d8,0x00000000a4180000)
 Metaspace       used 34535K, capacity 35226K, committed 35416K, reserved 1079296K
  class space    used 4694K, capacity 4963K, committed 4992K, reserved 1048576K
Event: 4.640 GC heap after
Heap after GC invocations=9 (full 2):
 PSYoungGen      total 104960K, used 0K [0x00000000e0000000, 0x00000000e9a00000, 0x0000000100000000)
  eden space 94208K, 0% used [0x00000000e0000000,0x00000000e0000000,0x00000000e5c00000)
  from space 10752K, 0% used [0x00000000e5c00000,0x00000000e5c00000,0x00000000e6680000)
  to   space 11776K, 0% used [0x00000000e8e80000,0x00000000e8e80000,0x00000000e9a00000)
 ParOldGen       total 108544K, used 15759K [0x00000000a0000000, 0x00000000a6a00000, 0x00000000e0000000)
  object space 108544K, 14% used [0x00000000a0000000,0x00000000a0f63cb0,0x00000000a6a00000)
 Metaspace       used 34535K, capacity 35226K, committed 35416K, reserved 1079296K
  class space    used 4694K, capacity 4963K, committed 4992K, reserved 1048576K
}
Event: 5.663 GC heap before
{Heap before GC invocations=10 (full 2):
 PSYoungGen      total 104960K, used 94208K [0x00000000e0000000, 0x00000000e9a00000, 0x0000000100000000)
  eden space 94208K, 100% used [0x00000000e0000000,0x00000000e5c00000,0x00000000e5c00000)
  from space 10752K, 0% used [0x00000000e5c00000,0x00000000e5c00000,0x00000000e6680000)
  to   space 11776K, 0% used [0x00000000e8e80000,0x00000000e8e80000,0x00000000e9a00000)
 ParOldGen       total 108544K, used 15759K [0x00000000a0000000, 0x00000000a6a00000, 0x00000000e0000000)
  object space 108544K, 14% used [0x00000000a0000000,0x00000000a0f63cb0,0x00000000a6a00000)
 Metaspace       used 40719K, capacity 41568K, committed 41816K, reserved 1085440K
  class space    used 5417K, capacity 5720K, committed 5760K, reserved 1048576K
Event: 5.675 GC heap after
Heap after GC invocations=10 (full 2):
 PSYoungGen      total 137216K, used 10324K [0x00000000e0000000, 0x00000000e9900000, 0x0000000100000000)
  eden space 126464K, 0% used [0x00000000e0000000,0x00000000e0000000,0x00000000e7b80000)
  from space 10752K, 96% used [0x00000000e8e80000,0x00000000e9895318,0x00000000e9900000)
  to   space 12288K, 0% used [0x00000000e8100000,0x00000000e8100000,0x00000000e8d00000)
 ParOldGen       total 108544K, used 15767K [0x00000000a0000000, 0x00000000a6a00000, 0x00000000e0000000)
  object space 108544K, 14% used [0x00000000a0000000,0x00000000a0f65cb0,0x00000000a6a00000)
 Metaspace       used 40719K, capacity 41568K, committed 41816K, reserved 1085440K
  class space    used 5417K, capacity 5720K, committed 5760K, reserved 1048576K
}
Event: 7.037 GC heap before
{Heap before GC invocations=11 (full 2):
 PSYoungGen      total 137216K, used 136788K [0x00000000e0000000, 0x00000000e9900000, 0x0000000100000000)
  eden space 126464K, 100% used [0x00000000e0000000,0x00000000e7b80000,0x00000000e7b80000)
  from space 10752K, 96% used [0x00000000e8e80000,0x00000000e9895318,0x00000000e9900000)
  to   space 12288K, 0% used [0x00000000e8100000,0x00000000e8100000,0x00000000e8d00000)
 ParOldGen       total 108544K, used 15767K [0x00000000a0000000, 0x00000000a6a00000, 0x00000000e0000000)
  object space 108544K, 14% used [0x00000000a0000000,0x00000000a0f65cb0,0x00000000a6a00000)
 Metaspace       used 49013K, capacity 50390K, committed 50520K, reserved 1093632K
  class space    used 6576K, capacity 6974K, committed 7040K, reserved 1048576K
Event: 7.051 GC heap after
Heap after GC invocations=11 (full 2):
 PSYoungGen      total 144384K, used 12280K [0x00000000e0000000, 0x00000000eb280000, 0x0000000100000000)
  eden space 132096K, 0% used [0x00000000e0000000,0x00000000e0000000,0x00000000e8100000)
  from space 12288K, 99% used [0x00000000e8100000,0x00000000e8cfe128,0x00000000e8d00000)
  to   space 15360K, 0% used [0x00000000ea380000,0x00000000ea380000,0x00000000eb280000)
 ParOldGen       total 108544K, used 19476K [0x00000000a0000000, 0x00000000a6a00000, 0x00000000e0000000)
  object space 108544K, 17% used [0x00000000a0000000,0x00000000a13052c8,0x00000000a6a00000)
 Metaspace       used 49013K, capacity 50390K, committed 50520K, reserved 1093632K
  class space    used 6576K, capacity 6974K, committed 7040K, reserved 1048576K
}
Event: 9.117 GC heap before
{Heap before GC invocations=12 (full 2):
 PSYoungGen      total 144384K, used 144376K [0x00000000e0000000, 0x00000000eb280000, 0x0000000100000000)
  eden space 132096K, 100% used [0x00000000e0000000,0x00000000e8100000,0x00000000e8100000)
  from space 12288K, 99% used [0x00000000e8100000,0x00000000e8cfe128,0x00000000e8d00000)
  to   space 15360K, 0% used [0x00000000ea380000,0x00000000ea380000,0x00000000eb280000)
 ParOldGen       total 108544K, used 19476K [0x00000000a0000000, 0x00000000a6a00000, 0x00000000e0000000)
  object space 108544K, 17% used [0x00000000a0000000,0x00000000a13052c8,0x00000000a6a00000)
 Metaspace       used 56225K, capacity 58104K, committed 58456K, reserved 1099776K
  class space    used 7518K, capacity 7955K, committed 8064K, reserved 1048576K
Event: 9.147 GC heap after
Heap after GC invocations=12 (full 2):
 PSYoungGen      total 161792K, used 15351K [0x00000000e0000000, 0x00000000ec580000, 0x0000000100000000)
  eden space 146432K, 0% used [0x00000000e0000000,0x00000000e0000000,0x00000000e8f00000)
  from space 15360K, 99% used [0x00000000ea380000,0x00000000eb27dd30,0x00000000eb280000)
  to   space 20992K, 0% used [0x00000000e8f00000,0x00000000e8f00000,0x00000000ea380000)
 ParOldGen       total 108544K, used 30450K [0x00000000a0000000, 0x00000000a6a00000, 0x00000000e0000000)
  object space 108544K, 28% used [0x00000000a0000000,0x00000000a1dbca18,0x00000000a6a00000)
 Metaspace       used 56225K, capacity 58104K, committed 58456K, reserved 1099776K
  class space    used 7518K, capacity 7955K, committed 8064K, reserved 1048576K
}

Deoptimization events (10 events):
Event: 8.837 Thread 0x000000001f994800 Uncommon trap: reason=class_check action=maybe_recompile pc=0x0000000002f903b8 method=java.lang.AbstractStringBuilder.append(Ljava/lang/CharSequence;)Ljava/lang/AbstractStringBuilder; @ 26
Event: 8.837 Thread 0x000000001f994800 Uncommon trap: reason=class_check action=maybe_recompile pc=0x000000000270b8c4 method=java.lang.AbstractStringBuilder.append(Ljava/lang/CharSequence;II)Ljava/lang/AbstractStringBuilder; @ 18
Event: 8.855 Thread 0x000000001f99a800 Uncommon trap: reason=unstable_if action=reinterpret pc=0x0000000002b5e91c method=java.util.concurrent.ConcurrentHashMap.addCount(JI)V @ 34
Event: 8.947 Thread 0x000000001efb2000 Uncommon trap: reason=unstable_if action=reinterpret pc=0x00000000035ce680 method=java.nio.Buffer.limit(I)Ljava/nio/Buffer; @ 33
Event: 9.093 Thread 0x000000001f990000 Uncommon trap: reason=class_check action=maybe_recompile pc=0x00000000039319e0 method=com.android.apkzlib.zip.ZipField.checkVerifiesInvariants(J)V @ 25
Event: 9.148 Thread 0x000000001f993800 Uncommon trap: reason=class_check action=maybe_recompile pc=0x00000000039319e0 method=com.android.apkzlib.zip.ZipField.checkVerifiesInvariants(J)V @ 25
Event: 9.202 Thread 0x000000001d6a2800 Uncommon trap: reason=null_check action=make_not_entrant pc=0x0000000003a8fe24 method=com.android.dx.ssa.SsaRenamer.getLocalForNewReg(I)Lcom/android/dx/rop/code/LocalItem; @ 19
Event: 9.231 Thread 0x000000001efb4800 Uncommon trap: reason=class_check action=maybe_recompile pc=0x00000000039319e0 method=com.android.apkzlib.zip.ZipField.checkVerifiesInvariants(J)V @ 25
Event: 9.252 Thread 0x000000001efb5000 Uncommon trap: reason=unstable_if action=reinterpret pc=0x00000000038dfe20 method=java.io.BufferedOutputStream.write([BII)V @ 6
Event: 9.254 Thread 0x000000001f99a800 Uncommon trap: reason=class_check action=maybe_recompile pc=0x00000000039319e0 method=com.android.apkzlib.zip.ZipField.checkVerifiesInvariants(J)V @ 25

Classes redefined (0 events):
No events

Internal exceptions (10 events):
Event: 8.738 Thread 0x000000001efb2000 Exception <a 'sun/nio/fs/WindowsException'> (0x00000000e6356620) thrown at [D:\src\AOSP-openjdk-cygwin\jdk8u\hotspot\src\share\vm\prims\jni.cpp, line 709]
Event: 8.826 Thread 0x000000001f994800 Exception <a 'sun/nio/fs/WindowsException'> (0x00000000e68fc8a0) thrown at [D:\src\AOSP-openjdk-cygwin\jdk8u\hotspot\src\share\vm\prims\jni.cpp, line 709]
Event: 8.838 Thread 0x000000001f994800 Exception <a 'sun/nio/fs/WindowsException'> (0x00000000e6914e18) thrown at [D:\src\AOSP-openjdk-cygwin\jdk8u\hotspot\src\share\vm\prims\jni.cpp, line 709]
Event: 8.853 Thread 0x000000001f994800 Exception <a 'sun/nio/fs/WindowsException'> (0x00000000e6941cd0) thrown at [D:\src\AOSP-openjdk-cygwin\jdk8u\hotspot\src\share\vm\prims\jni.cpp, line 709]
Event: 8.863 Thread 0x000000001f994800 Exception <a 'sun/nio/fs/WindowsException'> (0x00000000e6b87f70) thrown at [D:\src\AOSP-openjdk-cygwin\jdk8u\hotspot\src\share\vm\prims\jni.cpp, line 709]
Event: 9.114 Thread 0x000000001f990000 Exception <a 'sun/nio/fs/WindowsException'> (0x00000000e7eadb18) thrown at [D:\src\AOSP-openjdk-cygwin\jdk8u\hotspot\src\share\vm\prims\jni.cpp, line 709]
Event: 9.167 Thread 0x000000001f993800 Exception <a 'sun/nio/fs/WindowsException'> (0x00000000e03987c0) thrown at [D:\src\AOSP-openjdk-cygwin\jdk8u\hotspot\src\share\vm\prims\jni.cpp, line 709]
Event: 9.202 Thread 0x000000001d6a2800 Implicit null exception at 0x0000000003a8d3ec to 0x0000000003a8fe05
Event: 9.316 Thread 0x000000001efb4800 Exception <a 'sun/nio/fs/WindowsException'> (0x00000000e1a67d90) thrown at [D:\src\AOSP-openjdk-cygwin\jdk8u\hotspot\src\share\vm\prims\jni.cpp, line 709]
Event: 9.350 Thread 0x000000001f99a800 Exception <a 'sun/nio/fs/WindowsException'> (0x00000000e208b630) thrown at [D:\src\AOSP-openjdk-cygwin\jdk8u\hotspot\src\share\vm\prims\jni.cpp, line 709]

Events (10 events):
Event: 9.246 loading class com/android/dx/cf/attrib/AttRuntimeVisibleAnnotations
Event: 9.246 loading class com/android/dx/cf/attrib/AttRuntimeVisibleAnnotations done
Event: 9.250 Thread 0x000000001efb5000 Uncommon trap: trap_request=0xffffff65 fr.pc=0x00000000038dfe20
Event: 9.250 Executing VM operation: RevokeBias
Event: 9.250 Executing VM operation: RevokeBias done
Event: 9.252 Thread 0x000000001efb5000 DEOPT PACKING pc=0x00000000038dfe20 sp=0x0000000024e6eab0
Event: 9.252 Thread 0x000000001efb5000 DEOPT UNPACKING pc=0x000000000263556a sp=0x0000000024e6ea80 mode 2
Event: 9.254 Thread 0x000000001f99a800 Uncommon trap: trap_request=0xffffffde fr.pc=0x00000000039319e0
Event: 9.254 Thread 0x000000001f99a800 DEOPT PACKING pc=0x00000000039319e0 sp=0x0000000024a6e8c0
Event: 9.254 Thread 0x000000001f99a800 DEOPT UNPACKING pc=0x000000000263556a sp=0x0000000024a6e860 mode 2


Dynamic libraries:
0x00007ff7360b0000 - 0x00007ff7360e1000 	C:\Program Files\Android\Android Studio\jre\bin\java.exe
0x00007ffdce4f0000 - 0x00007ffdce6cb000 	C:\WINDOWS\SYSTEM32\ntdll.dll
0x00007ffdcdb00000 - 0x00007ffdcdbae000 	C:\WINDOWS\System32\KERNEL32.DLL
0x00007ffdcaca0000 - 0x00007ffdcaee9000 	C:\WINDOWS\System32\KERNELBASE.dll
0x00007ffdc9100000 - 0x00007ffdc917e000 	C:\WINDOWS\SYSTEM32\apphelp.dll
0x00007ffdcda50000 - 0x00007ffdcdaf1000 	C:\WINDOWS\System32\ADVAPI32.dll
0x00007ffdcd8f0000 - 0x00007ffdcd98d000 	C:\WINDOWS\System32\msvcrt.dll
0x00007ffdce020000 - 0x00007ffdce079000 	C:\WINDOWS\System32\sechost.dll
0x00007ffdce3c0000 - 0x00007ffdce4e5000 	C:\WINDOWS\System32\RPCRT4.dll
0x00007ffdce210000 - 0x00007ffdce35a000 	C:\WINDOWS\System32\USER32.dll
0x00007ffdcb8d0000 - 0x00007ffdcb8ee000 	C:\WINDOWS\System32\win32u.dll
0x00007ffdcd9a0000 - 0x00007ffdcd9c7000 	C:\WINDOWS\System32\GDI32.dll
0x00007ffdcab10000 - 0x00007ffdcac97000 	C:\WINDOWS\System32\gdi32full.dll
0x00007ffdcb8f0000 - 0x00007ffdcb98a000 	C:\WINDOWS\System32\msvcp_win.dll
0x00007ffdcaa10000 - 0x00007ffdcab06000 	C:\WINDOWS\System32\ucrtbase.dll
0x00007ffdbc870000 - 0x00007ffdbcad7000 	C:\WINDOWS\WinSxS\amd64_microsoft.windows.common-controls_6595b64144ccf1df_6.0.15063.483_none_26002d27e7c744a2\COMCTL32.dll
0x00007ffdcdbb0000 - 0x00007ffdcdea9000 	C:\WINDOWS\System32\combase.dll
0x00007ffdcb990000 - 0x00007ffdcb9fa000 	C:\WINDOWS\System32\bcryptPrimitives.dll
0x00007ffdce080000 - 0x00007ffdce0ad000 	C:\WINDOWS\System32\IMM32.DLL
0x000000005cdf0000 - 0x000000005cec2000 	C:\Program Files\Android\Android Studio\jre\jre\bin\msvcr100.dll
0x000000005ad20000 - 0x000000005b55e000 	C:\Program Files\Android\Android Studio\jre\jre\bin\server\jvm.dll
0x00007ffdcd8e0000 - 0x00007ffdcd8e8000 	C:\WINDOWS\System32\PSAPI.DLL
0x00007ffdc7360000 - 0x00007ffdc7383000 	C:\WINDOWS\SYSTEM32\WINMM.dll
0x00007ffdc7350000 - 0x00007ffdc735a000 	C:\WINDOWS\SYSTEM32\VERSION.dll
0x00007ffdc6130000 - 0x00007ffdc6139000 	C:\WINDOWS\SYSTEM32\WSOCK32.dll
0x00007ffdcba50000 - 0x00007ffdcbabc000 	C:\WINDOWS\System32\WS2_32.dll
0x00007ffdc7320000 - 0x00007ffdc734b000 	C:\WINDOWS\SYSTEM32\WINMMBASE.dll
0x00007ffdcba00000 - 0x00007ffdcba49000 	C:\WINDOWS\System32\cfgmgr32.dll
0x00007ffdc2ba0000 - 0x00007ffdc2baf000 	C:\Program Files\Android\Android Studio\jre\jre\bin\verify.dll
0x00007ffdb25e0000 - 0x00007ffdb2609000 	C:\Program Files\Android\Android Studio\jre\jre\bin\java.dll
0x00007ffdb5350000 - 0x00007ffdb5366000 	C:\Program Files\Android\Android Studio\jre\jre\bin\zip.dll
0x00007ffdcbf80000 - 0x00007ffdcd3b6000 	C:\WINDOWS\System32\SHELL32.dll
0x00007ffdcd720000 - 0x00007ffdcd7ca000 	C:\WINDOWS\System32\shcore.dll
0x00007ffdcaf50000 - 0x00007ffdcb641000 	C:\WINDOWS\System32\windows.storage.dll
0x00007ffdcbf20000 - 0x00007ffdcbf71000 	C:\WINDOWS\System32\shlwapi.dll
0x00007ffdca960000 - 0x00007ffdca971000 	C:\WINDOWS\System32\kernel.appcore.dll
0x00007ffdca9a0000 - 0x00007ffdca9ec000 	C:\WINDOWS\System32\powrprof.dll
0x00007ffdca9f0000 - 0x00007ffdcaa05000 	C:\WINDOWS\System32\profapi.dll
0x00007ffdb2760000 - 0x00007ffdb277a000 	C:\Program Files\Android\Android Studio\jre\jre\bin\net.dll
0x00007ffdca270000 - 0x00007ffdca2cc000 	C:\WINDOWS\system32\mswsock.dll
0x00007ffdb2110000 - 0x00007ffdb2121000 	C:\Program Files\Android\Android Studio\jre\jre\bin\nio.dll
0x00007ffdbfd80000 - 0x00007ffdbfd9e000 	C:\Users\pola alper\.gradle\native\25\windows-amd64\native-platform.dll
0x00007ffdc1fc0000 - 0x00007ffdc1fcd000 	C:\Program Files\Android\Android Studio\jre\jre\bin\management.dll
0x00007ffdca420000 - 0x00007ffdca437000 	C:\WINDOWS\SYSTEM32\CRYPTSP.dll
0x00007ffdc9e30000 - 0x00007ffdc9e64000 	C:\WINDOWS\system32\rsaenh.dll
0x00007ffdca520000 - 0x00007ffdca545000 	C:\WINDOWS\SYSTEM32\bcrypt.dll
0x00007ffdca890000 - 0x00007ffdca8b9000 	C:\WINDOWS\SYSTEM32\USERENV.dll
0x00007ffdca410000 - 0x00007ffdca41b000 	C:\WINDOWS\SYSTEM32\CRYPTBASE.dll
0x00007ffdca010000 - 0x00007ffdca047000 	C:\WINDOWS\SYSTEM32\IPHLPAPI.DLL
0x00007ffdce200000 - 0x00007ffdce208000 	C:\WINDOWS\System32\NSI.dll
0x00007ffdc5870000 - 0x00007ffdc5886000 	C:\WINDOWS\SYSTEM32\dhcpcsvc6.DLL
0x00007ffdc5820000 - 0x00007ffdc583a000 	C:\WINDOWS\SYSTEM32\dhcpcsvc.DLL
0x00007ffdc9b70000 - 0x00007ffdc9ba1000 	C:\WINDOWS\SYSTEM32\ntmarta.dll

VM Arguments:
jvm_args: -Xmx1536m -Dfile.encoding=windows-1252 -Duser.country=US -Duser.language=en -Duser.variant 
java_command: org.gradle.launcher.daemon.bootstrap.GradleDaemon 4.1
java_class_path (initial): C:\Users\pola alper\.gradle\wrapper\dists\gradle-4.1-all\bzyivzo6n839fup2jbap0tjew\gradle-4.1\lib\gradle-launcher-4.1.jar
Launcher Type: SUN_STANDARD

Environment Variables:
PATH=C:\Program Files (x86)\Java\jre1.5.0_06\bin;C:\Program Files (x86)\Brackets\command;C:\Program Files (x86)\Skype\Phone\;C:\Program Files (x86)\NVIDIA Corporation\PhysX\Common;C:\WINDOWS\system32;C:\WINDOWS;C:\WINDOWS\System32\Wbem;C:\WINDOWS\System32\WindowsPowerShell\v1.0\;C:\Users\pola alper\AppData\Local\Microsoft\WindowsApps
USERNAME=pola alper
OS=Windows_NT
PROCESSOR_IDENTIFIER=Intel64 Family 6 Model 60 Stepping 3, GenuineIntel



---------------  S Y S T E M  ---------------

OS: Windows 10.0 , 64 bit Build 15063 (10.0.15063.296)

CPU:total 8 (initial active 8) (4 cores per cpu, 2 threads per core) family 6 model 60 stepping 3, cmov, cx8, fxsr, mmx, sse, sse2, sse3, ssse3, sse4.1, sse4.2, popcnt, avx, avx2, aes, clmul, erms, lzcnt, ht, tsc, tscinvbit, bmi1, bmi2

Memory: 4k page, physical 8302956k(1426532k free), swap 12285548k(4656k free)

vm_info: OpenJDK 64-Bit Server VM (25.152-b01) for windows-amd64 JRE (1.8.0_152-release-915-b01), built by "builder" with MS VC++ 10.0 (VS2010)

time: Fri Nov 17 18:04:52 2017
elapsed time: 9 seconds (0d 0h 0m 9s)

